{"/home/vzucc/Documentos/coder/delivery-app/src/app.js": {"path":"/home/vzucc/Documentos/coder/delivery-app/src/app.js","statementMap":{"0":{"start":{"line":4,"column":12},"end":{"line":4,"column":21}},"1":{"start":{"line":8,"column":0},"end":{"line":8,"column":31}},"2":{"start":{"line":9,"column":0},"end":{"line":9,"column":24}},"3":{"start":{"line":10,"column":0},"end":{"line":10,"column":23}},"4":{"start":{"line":15,"column":0},"end":{"line":15,"column":67}},"5":{"start":{"line":24,"column":0},"end":{"line":24,"column":31}},"6":{"start":{"line":25,"column":0},"end":{"line":25,"column":29}},"7":{"start":{"line":26,"column":0},"end":{"line":26,"column":28}},"8":{"start":{"line":27,"column":0},"end":{"line":27,"column":40}},"9":{"start":{"line":28,"column":0},"end":{"line":28,"column":32}},"10":{"start":{"line":30,"column":0},"end":{"line":32,"column":3}},"11":{"start":{"line":31,"column":4},"end":{"line":31,"column":48}},"12":{"start":{"line":34,"column":0},"end":{"line":34,"column":22}}},"fnMap":{"0":{"name":"(anonymous_0)","decl":{"start":{"line":30,"column":13},"end":{"line":30,"column":14}},"loc":{"start":{"line":30,"column":27},"end":{"line":32,"column":1}},"line":30}},"branchMap":{},"s":{"0":6,"1":6,"2":6,"3":6,"4":6,"5":6,"6":6,"7":6,"8":6,"9":6,"10":6,"11":1,"12":6},"f":{"0":1},"b":{},"_coverageSchema":"1a1c01bbd47fc00a2c39e90264f33305004495a9","hash":"90de1ecfc164e1c71a4fc99d6d62804a2b6d0312"}
,"/home/vzucc/Documentos/coder/delivery-app/src/config/db.js": {"path":"/home/vzucc/Documentos/coder/delivery-app/src/config/db.js","statementMap":{"0":{"start":{"line":3,"column":0},"end":{"line":3,"column":31}},"1":{"start":{"line":5,"column":13},"end":{"line":19,"column":2}},"2":{"start":{"line":23,"column":4},"end":{"line":29,"column":5}},"3":{"start":{"line":24,"column":20},"end":{"line":24,"column":67}},"4":{"start":{"line":25,"column":8},"end":{"line":25,"column":82}},"5":{"start":{"line":27,"column":8},"end":{"line":27,"column":60}}},"fnMap":{"0":{"name":"testConnection","decl":{"start":{"line":22,"column":22},"end":{"line":22,"column":36}},"loc":{"start":{"line":22,"column":39},"end":{"line":30,"column":1}},"line":22}},"branchMap":{},"s":{"0":10,"1":10,"2":0,"3":0,"4":0,"5":0},"f":{"0":0},"b":{},"_coverageSchema":"1a1c01bbd47fc00a2c39e90264f33305004495a9","hash":"7bde2bdeb325dc507e944d9cb1d5137a9a429d08"}
,"/home/vzucc/Documentos/coder/delivery-app/src/docs/swagger.js": {"path":"/home/vzucc/Documentos/coder/delivery-app/src/docs/swagger.js","statementMap":{"0":{"start":{"line":15,"column":26},"end":{"line":373,"column":2}}},"fnMap":{},"branchMap":{},"s":{"0":6},"f":{},"b":{},"_coverageSchema":"1a1c01bbd47fc00a2c39e90264f33305004495a9","hash":"7f7be664e80d273cbc6727f43aa6311e4464fd14"}
,"/home/vzucc/Documentos/coder/delivery-app/src/middlewares/authMiddleware.js": {"path":"/home/vzucc/Documentos/coder/delivery-app/src/middlewares/authMiddleware.js","statementMap":{"0":{"start":{"line":4,"column":33},"end":{"line":15,"column":1}},"1":{"start":{"line":5,"column":23},"end":{"line":5,"column":51}},"2":{"start":{"line":6,"column":18},"end":{"line":6,"column":56}},"3":{"start":{"line":8,"column":4},"end":{"line":8,"column":59}},"4":{"start":{"line":8,"column":16},"end":{"line":8,"column":59}},"5":{"start":{"line":11,"column":20},"end":{"line":11,"column":36}},"6":{"start":{"line":12,"column":4},"end":{"line":12,"column":66}},"7":{"start":{"line":12,"column":18},"end":{"line":12,"column":66}},"8":{"start":{"line":13,"column":4},"end":{"line":13,"column":23}},"9":{"start":{"line":14,"column":4},"end":{"line":14,"column":11}},"10":{"start":{"line":18,"column":30},"end":{"line":26,"column":1}},"11":{"start":{"line":19,"column":4},"end":{"line":25,"column":6}},"12":{"start":{"line":20,"column":8},"end":{"line":20,"column":69}},"13":{"start":{"line":20,"column":23},"end":{"line":20,"column":69}},"14":{"start":{"line":21,"column":8},"end":{"line":23,"column":9}},"15":{"start":{"line":22,"column":12},"end":{"line":22,"column":64}},"16":{"start":{"line":24,"column":8},"end":{"line":24,"column":15}}},"fnMap":{"0":{"name":"(anonymous_0)","decl":{"start":{"line":4,"column":33},"end":{"line":4,"column":34}},"loc":{"start":{"line":4,"column":53},"end":{"line":15,"column":1}},"line":4},"1":{"name":"(anonymous_1)","decl":{"start":{"line":18,"column":30},"end":{"line":18,"column":31}},"loc":{"start":{"line":18,"column":51},"end":{"line":26,"column":1}},"line":18},"2":{"name":"(anonymous_2)","decl":{"start":{"line":19,"column":11},"end":{"line":19,"column":12}},"loc":{"start":{"line":19,"column":31},"end":{"line":25,"column":5}},"line":19}},"branchMap":{"0":{"loc":{"start":{"line":6,"column":18},"end":{"line":6,"column":56}},"type":"binary-expr","locations":[{"start":{"line":6,"column":18},"end":{"line":6,"column":28}},{"start":{"line":6,"column":32},"end":{"line":6,"column":56}}],"line":6},"1":{"loc":{"start":{"line":8,"column":4},"end":{"line":8,"column":59}},"type":"if","locations":[{"start":{"line":8,"column":4},"end":{"line":8,"column":59}},{"start":{},"end":{}}],"line":8},"2":{"loc":{"start":{"line":12,"column":4},"end":{"line":12,"column":66}},"type":"if","locations":[{"start":{"line":12,"column":4},"end":{"line":12,"column":66}},{"start":{},"end":{}}],"line":12},"3":{"loc":{"start":{"line":20,"column":8},"end":{"line":20,"column":69}},"type":"if","locations":[{"start":{"line":20,"column":8},"end":{"line":20,"column":69}},{"start":{},"end":{}}],"line":20},"4":{"loc":{"start":{"line":21,"column":8},"end":{"line":23,"column":9}},"type":"if","locations":[{"start":{"line":21,"column":8},"end":{"line":23,"column":9}},{"start":{},"end":{}}],"line":21}},"s":{"0":6,"1":37,"2":37,"3":37,"4":0,"5":37,"6":37,"7":0,"8":37,"9":37,"10":6,"11":132,"12":30,"13":0,"14":30,"15":0,"16":30},"f":{"0":37,"1":132,"2":30},"b":{"0":[37,37],"1":[0,37],"2":[0,37],"3":[0,30],"4":[0,30]},"_coverageSchema":"1a1c01bbd47fc00a2c39e90264f33305004495a9","hash":"7995ebd5853f6faf55c4ce6060d91a0e62b14723"}
,"/home/vzucc/Documentos/coder/delivery-app/src/middlewares/errorHandler.js": {"path":"/home/vzucc/Documentos/coder/delivery-app/src/middlewares/errorHandler.js","statementMap":{"0":{"start":{"line":8,"column":4},"end":{"line":22,"column":5}},"1":{"start":{"line":9,"column":24},"end":{"line":12,"column":38}},"2":{"start":{"line":9,"column":50},"end":{"line":12,"column":9}},"3":{"start":{"line":14,"column":25},"end":{"line":14,"column":53}},"4":{"start":{"line":16,"column":8},"end":{"line":21,"column":11}},"5":{"start":{"line":27,"column":4},"end":{"line":34,"column":5}},"6":{"start":{"line":28,"column":8},"end":{"line":33,"column":11}},"7":{"start":{"line":39,"column":4},"end":{"line":54,"column":5}},"8":{"start":{"line":40,"column":22},"end":{"line":40,"column":38}},"9":{"start":{"line":41,"column":8},"end":{"line":48,"column":9}},"10":{"start":{"line":43,"column":16},"end":{"line":43,"column":44}},"11":{"start":{"line":44,"column":16},"end":{"line":44,"column":22}},"12":{"start":{"line":46,"column":16},"end":{"line":46,"column":58}},"13":{"start":{"line":47,"column":16},"end":{"line":47,"column":22}},"14":{"start":{"line":49,"column":8},"end":{"line":53,"column":11}},"15":{"start":{"line":59,"column":4},"end":{"line":64,"column":7}}},"fnMap":{"0":{"name":"errorHandler","decl":{"start":{"line":4,"column":16},"end":{"line":4,"column":28}},"loc":{"start":{"line":4,"column":50},"end":{"line":65,"column":1}},"line":4},"1":{"name":"(anonymous_1)","decl":{"start":{"line":9,"column":40},"end":{"line":9,"column":41}},"loc":{"start":{"line":9,"column":50},"end":{"line":12,"column":9}},"line":9}},"branchMap":{"0":{"loc":{"start":{"line":8,"column":4},"end":{"line":22,"column":5}},"type":"if","locations":[{"start":{"line":8,"column":4},"end":{"line":22,"column":5}},{"start":{},"end":{}}],"line":8},"1":{"loc":{"start":{"line":9,"column":24},"end":{"line":12,"column":38}},"type":"binary-expr","locations":[{"start":{"line":9,"column":24},"end":{"line":12,"column":11}},{"start":{"line":12,"column":15},"end":{"line":12,"column":38}}],"line":9},"2":{"loc":{"start":{"line":27,"column":4},"end":{"line":34,"column":5}},"type":"if","locations":[{"start":{"line":27,"column":4},"end":{"line":34,"column":5}},{"start":{},"end":{}}],"line":27},"3":{"loc":{"start":{"line":32,"column":16},"end":{"line":32,"column":59}},"type":"cond-expr","locations":[{"start":{"line":32,"column":30},"end":{"line":32,"column":54}},{"start":{"line":32,"column":57},"end":{"line":32,"column":59}}],"line":32},"4":{"loc":{"start":{"line":39,"column":4},"end":{"line":54,"column":5}},"type":"if","locations":[{"start":{"line":39,"column":4},"end":{"line":54,"column":5}},{"start":{},"end":{}}],"line":39},"5":{"loc":{"start":{"line":41,"column":8},"end":{"line":48,"column":9}},"type":"switch","locations":[{"start":{"line":42,"column":12},"end":{"line":44,"column":22}},{"start":{"line":45,"column":12},"end":{"line":47,"column":22}}],"line":41},"6":{"loc":{"start":{"line":59,"column":22},"end":{"line":59,"column":43}},"type":"binary-expr","locations":[{"start":{"line":59,"column":22},"end":{"line":59,"column":36}},{"start":{"line":59,"column":40},"end":{"line":59,"column":43}}],"line":59},"7":{"loc":{"start":{"line":61,"column":14},"end":{"line":61,"column":36}},"type":"binary-expr","locations":[{"start":{"line":61,"column":14},"end":{"line":61,"column":22}},{"start":{"line":61,"column":26},"end":{"line":61,"column":36}}],"line":61},"8":{"loc":{"start":{"line":62,"column":17},"end":{"line":62,"column":55}},"type":"binary-expr","locations":[{"start":{"line":62,"column":17},"end":{"line":62,"column":28}},{"start":{"line":62,"column":32},"end":{"line":62,"column":55}}],"line":62},"9":{"loc":{"start":{"line":63,"column":12},"end":{"line":63,"column":55}},"type":"cond-expr","locations":[{"start":{"line":63,"column":26},"end":{"line":63,"column":50}},{"start":{"line":63,"column":53},"end":{"line":63,"column":55}}],"line":63}},"s":{"0":24,"1":2,"2":0,"3":2,"4":2,"5":22,"6":20,"7":2,"8":0,"9":0,"10":0,"11":0,"12":0,"13":0,"14":0,"15":2},"f":{"0":24,"1":0},"b":{"0":[2,22],"1":[2,2],"2":[20,2],"3":[1,19],"4":[0,2],"5":[0,0],"6":[2,2],"7":[2,2],"8":[2,0],"9":[0,2]},"_coverageSchema":"1a1c01bbd47fc00a2c39e90264f33305004495a9","hash":"2e01a373bf99b84db6dbb28cef6a1d1f608b5103"}
,"/home/vzucc/Documentos/coder/delivery-app/src/middlewares/validate.js": {"path":"/home/vzucc/Documentos/coder/delivery-app/src/middlewares/validate.js","statementMap":{"0":{"start":{"line":2,"column":4},"end":{"line":9,"column":6}},"1":{"start":{"line":3,"column":8},"end":{"line":8,"column":9}},"2":{"start":{"line":4,"column":12},"end":{"line":4,"column":50}},"3":{"start":{"line":5,"column":12},"end":{"line":5,"column":19}},"4":{"start":{"line":7,"column":12},"end":{"line":7,"column":57}}},"fnMap":{"0":{"name":"validateParams","decl":{"start":{"line":1,"column":16},"end":{"line":1,"column":30}},"loc":{"start":{"line":1,"column":39},"end":{"line":10,"column":1}},"line":1},"1":{"name":"(anonymous_1)","decl":{"start":{"line":2,"column":11},"end":{"line":2,"column":12}},"loc":{"start":{"line":2,"column":31},"end":{"line":9,"column":5}},"line":2}},"branchMap":{},"s":{"0":66,"1":12,"2":12,"3":11,"4":1},"f":{"0":66,"1":12},"b":{},"_coverageSchema":"1a1c01bbd47fc00a2c39e90264f33305004495a9","hash":"34865d02fb2007727de0f5325edcddd3842f1691"}
,"/home/vzucc/Documentos/coder/delivery-app/src/modules/auth/auth.controller.js": {"path":"/home/vzucc/Documentos/coder/delivery-app/src/modules/auth/auth.controller.js","statementMap":{"0":{"start":{"line":9,"column":4},"end":{"line":31,"column":5}},"1":{"start":{"line":10,"column":48},"end":{"line":10,"column":83}},"2":{"start":{"line":13,"column":29},"end":{"line":13,"column":56}},"3":{"start":{"line":14,"column":8},"end":{"line":17,"column":9}},"4":{"start":{"line":16,"column":12},"end":{"line":16,"column":60}},"5":{"start":{"line":20,"column":27},"end":{"line":20,"column":56}},"6":{"start":{"line":21,"column":30},"end":{"line":21,"column":69}},"7":{"start":{"line":24,"column":24},"end":{"line":24,"column":78}},"8":{"start":{"line":25,"column":27},"end":{"line":25,"column":92}},"9":{"start":{"line":28,"column":8},"end":{"line":28,"column":70}},"10":{"start":{"line":30,"column":8},"end":{"line":30,"column":18}},"11":{"start":{"line":35,"column":21},"end":{"line":52,"column":1}},"12":{"start":{"line":36,"column":32},"end":{"line":36,"column":64}},"13":{"start":{"line":38,"column":17},"end":{"line":38,"column":56}},"14":{"start":{"line":39,"column":4},"end":{"line":39,"column":58}},"15":{"start":{"line":39,"column":15},"end":{"line":39,"column":58}},"16":{"start":{"line":42,"column":42},"end":{"line":42,"column":83}},"17":{"start":{"line":44,"column":4},"end":{"line":49,"column":7}},"18":{"start":{"line":51,"column":4},"end":{"line":51,"column":30}},"19":{"start":{"line":54,"column":28},"end":{"line":74,"column":1}},"20":{"start":{"line":55,"column":18},"end":{"line":55,"column":42}},"21":{"start":{"line":56,"column":4},"end":{"line":56,"column":65}},"22":{"start":{"line":56,"column":16},"end":{"line":56,"column":65}},"23":{"start":{"line":60,"column":19},"end":{"line":60,"column":54}},"24":{"start":{"line":61,"column":4},"end":{"line":63,"column":5}},"25":{"start":{"line":62,"column":8},"end":{"line":62,"column":64}},"26":{"start":{"line":66,"column":4},"end":{"line":71,"column":7}},"27":{"start":{"line":73,"column":4},"end":{"line":73,"column":33}},"28":{"start":{"line":76,"column":22},"end":{"line":92,"column":1}},"29":{"start":{"line":77,"column":18},"end":{"line":77,"column":42}},"30":{"start":{"line":79,"column":4},"end":{"line":82,"column":5}},"31":{"start":{"line":81,"column":8},"end":{"line":81,"column":40}},"32":{"start":{"line":85,"column":4},"end":{"line":89,"column":7}},"33":{"start":{"line":91,"column":4},"end":{"line":91,"column":53}}},"fnMap":{"0":{"name":"registerUser","decl":{"start":{"line":8,"column":22},"end":{"line":8,"column":34}},"loc":{"start":{"line":8,"column":51},"end":{"line":32,"column":1}},"line":8},"1":{"name":"(anonymous_1)","decl":{"start":{"line":35,"column":21},"end":{"line":35,"column":22}},"loc":{"start":{"line":35,"column":41},"end":{"line":52,"column":1}},"line":35},"2":{"name":"(anonymous_2)","decl":{"start":{"line":54,"column":28},"end":{"line":54,"column":29}},"loc":{"start":{"line":54,"column":48},"end":{"line":74,"column":1}},"line":54},"3":{"name":"(anonymous_3)","decl":{"start":{"line":76,"column":22},"end":{"line":76,"column":23}},"loc":{"start":{"line":76,"column":42},"end":{"line":92,"column":1}},"line":76}},"branchMap":{"0":{"loc":{"start":{"line":14,"column":8},"end":{"line":17,"column":9}},"type":"if","locations":[{"start":{"line":14,"column":8},"end":{"line":17,"column":9}},{"start":{},"end":{}}],"line":14},"1":{"loc":{"start":{"line":20,"column":27},"end":{"line":20,"column":56}},"type":"binary-expr","locations":[{"start":{"line":20,"column":27},"end":{"line":20,"column":50}},{"start":{"line":20,"column":54},"end":{"line":20,"column":56}}],"line":20},"2":{"loc":{"start":{"line":39,"column":4},"end":{"line":39,"column":58}},"type":"if","locations":[{"start":{"line":39,"column":4},"end":{"line":39,"column":58}},{"start":{},"end":{}}],"line":39},"3":{"loc":{"start":{"line":56,"column":4},"end":{"line":56,"column":65}},"type":"if","locations":[{"start":{"line":56,"column":4},"end":{"line":56,"column":65}},{"start":{},"end":{}}],"line":56},"4":{"loc":{"start":{"line":61,"column":4},"end":{"line":63,"column":5}},"type":"if","locations":[{"start":{"line":61,"column":4},"end":{"line":63,"column":5}},{"start":{},"end":{}}],"line":61},"5":{"loc":{"start":{"line":79,"column":4},"end":{"line":82,"column":5}},"type":"if","locations":[{"start":{"line":79,"column":4},"end":{"line":82,"column":5}},{"start":{},"end":{}}],"line":79}},"s":{"0":3,"1":3,"2":2,"3":2,"4":1,"5":1,"6":1,"7":1,"8":1,"9":1,"10":2,"11":6,"12":3,"13":3,"14":3,"15":2,"16":1,"17":1,"18":1,"19":6,"20":3,"21":3,"22":1,"23":2,"24":2,"25":1,"26":1,"27":1,"28":6,"29":2,"30":2,"31":1,"32":2,"33":2},"f":{"0":3,"1":3,"2":3,"3":2},"b":{"0":[1,1],"1":[1,1],"2":[2,1],"3":[1,2],"4":[1,1],"5":[1,1]},"_coverageSchema":"1a1c01bbd47fc00a2c39e90264f33305004495a9","hash":"c02bc19a903e53b4d20496c22127ecf426378e83"}
,"/home/vzucc/Documentos/coder/delivery-app/src/modules/auth/auth.repository.js": {"path":"/home/vzucc/Documentos/coder/delivery-app/src/modules/auth/auth.repository.js","statementMap":{"0":{"start":{"line":13,"column":26},"end":{"line":13,"column":58}},"1":{"start":{"line":15,"column":16},"end":{"line":20,"column":5}},"2":{"start":{"line":22,"column":4},"end":{"line":22,"column":52}},"3":{"start":{"line":32,"column":17},"end":{"line":32,"column":44}},"4":{"start":{"line":33,"column":4},"end":{"line":33,"column":27}},"5":{"start":{"line":33,"column":15},"end":{"line":33,"column":27}},"6":{"start":{"line":34,"column":20},"end":{"line":34,"column":70}},"7":{"start":{"line":36,"column":4},"end":{"line":36,"column":33}},"8":{"start":{"line":46,"column":42},"end":{"line":46,"column":74}},"9":{"start":{"line":48,"column":31},"end":{"line":48,"column":92}},"10":{"start":{"line":51,"column":4},"end":{"line":55,"column":6}},"11":{"start":{"line":57,"column":4},"end":{"line":57,"column":40}},"12":{"start":{"line":66,"column":19},"end":{"line":69,"column":5}},"13":{"start":{"line":70,"column":16},"end":{"line":70,"column":30}},"14":{"start":{"line":71,"column":4},"end":{"line":71,"column":26}},"15":{"start":{"line":71,"column":14},"end":{"line":71,"column":26}},"16":{"start":{"line":74,"column":17},"end":{"line":74,"column":47}},"17":{"start":{"line":75,"column":4},"end":{"line":75,"column":27}},"18":{"start":{"line":75,"column":15},"end":{"line":75,"column":27}},"19":{"start":{"line":77,"column":42},"end":{"line":77,"column":74}},"20":{"start":{"line":78,"column":31},"end":{"line":78,"column":92}},"21":{"start":{"line":82,"column":4},"end":{"line":85,"column":6}},"22":{"start":{"line":88,"column":4},"end":{"line":91,"column":6}},"23":{"start":{"line":95,"column":4},"end":{"line":98,"column":6}}},"fnMap":{"0":{"name":"createUser","decl":{"start":{"line":12,"column":22},"end":{"line":12,"column":32}},"loc":{"start":{"line":12,"column":43},"end":{"line":23,"column":1}},"line":12},"1":{"name":"authenticateUser","decl":{"start":{"line":31,"column":22},"end":{"line":31,"column":38}},"loc":{"start":{"line":31,"column":56},"end":{"line":37,"column":1}},"line":31},"2":{"name":"createNewTokens","decl":{"start":{"line":44,"column":22},"end":{"line":44,"column":37}},"loc":{"start":{"line":44,"column":58},"end":{"line":58,"column":1}},"line":44},"3":{"name":"validateAndRotateToken","decl":{"start":{"line":65,"column":22},"end":{"line":65,"column":44}},"loc":{"start":{"line":65,"column":52},"end":{"line":92,"column":1}},"line":65},"4":{"name":"revokeRefreshToken","decl":{"start":{"line":94,"column":22},"end":{"line":94,"column":40}},"loc":{"start":{"line":94,"column":48},"end":{"line":99,"column":1}},"line":94}},"branchMap":{"0":{"loc":{"start":{"line":33,"column":4},"end":{"line":33,"column":27}},"type":"if","locations":[{"start":{"line":33,"column":4},"end":{"line":33,"column":27}},{"start":{},"end":{}}],"line":33},"1":{"loc":{"start":{"line":36,"column":11},"end":{"line":36,"column":32}},"type":"cond-expr","locations":[{"start":{"line":36,"column":21},"end":{"line":36,"column":25}},{"start":{"line":36,"column":28},"end":{"line":36,"column":32}}],"line":36},"2":{"loc":{"start":{"line":71,"column":4},"end":{"line":71,"column":26}},"type":"if","locations":[{"start":{"line":71,"column":4},"end":{"line":71,"column":26}},{"start":{},"end":{}}],"line":71},"3":{"loc":{"start":{"line":75,"column":4},"end":{"line":75,"column":27}},"type":"if","locations":[{"start":{"line":75,"column":4},"end":{"line":75,"column":27}},{"start":{},"end":{}}],"line":75}},"s":{"0":0,"1":0,"2":0,"3":3,"4":3,"5":1,"6":2,"7":2,"8":0,"9":0,"10":0,"11":0,"12":0,"13":0,"14":0,"15":0,"16":0,"17":0,"18":0,"19":0,"20":0,"21":0,"22":0,"23":0},"f":{"0":0,"1":3,"2":0,"3":0,"4":0},"b":{"0":[1,2],"1":[1,1],"2":[0,0],"3":[0,0]},"_coverageSchema":"1a1c01bbd47fc00a2c39e90264f33305004495a9","hash":"389c071e335e146f8639de06f8e45d20bbddd0cb"}
,"/home/vzucc/Documentos/coder/delivery-app/src/modules/auth/auth.routes.js": {"path":"/home/vzucc/Documentos/coder/delivery-app/src/modules/auth/auth.routes.js","statementMap":{"0":{"start":{"line":4,"column":15},"end":{"line":4,"column":23}},"1":{"start":{"line":6,"column":0},"end":{"line":6,"column":39}},"2":{"start":{"line":7,"column":0},"end":{"line":7,"column":29}},"3":{"start":{"line":8,"column":0},"end":{"line":8,"column":44}},"4":{"start":{"line":9,"column":0},"end":{"line":9,"column":31}}},"fnMap":{},"branchMap":{},"s":{"0":6,"1":6,"2":6,"3":6,"4":6},"f":{},"b":{},"_coverageSchema":"1a1c01bbd47fc00a2c39e90264f33305004495a9","hash":"c7fc171cead38c3899d8a9bc6c48969208fc2823"}
,"/home/vzucc/Documentos/coder/delivery-app/src/modules/branch/branch.controller.js": {"path":"/home/vzucc/Documentos/coder/delivery-app/src/modules/branch/branch.controller.js","statementMap":{"0":{"start":{"line":8,"column":4},"end":{"line":22,"column":5}},"1":{"start":{"line":9,"column":23},"end":{"line":9,"column":57}},"2":{"start":{"line":12,"column":27},"end":{"line":12,"column":72}},"3":{"start":{"line":13,"column":8},"end":{"line":13,"column":73}},"4":{"start":{"line":13,"column":25},"end":{"line":13,"column":73}},"5":{"start":{"line":14,"column":8},"end":{"line":16,"column":9}},"6":{"start":{"line":15,"column":12},"end":{"line":15,"column":97}},"7":{"start":{"line":18,"column":23},"end":{"line":18,"column":54}},"8":{"start":{"line":19,"column":8},"end":{"line":19,"column":37}},"9":{"start":{"line":21,"column":8},"end":{"line":21,"column":18}},"10":{"start":{"line":26,"column":4},"end":{"line":48,"column":5}},"11":{"start":{"line":27,"column":34},"end":{"line":27,"column":44}},"12":{"start":{"line":28,"column":23},"end":{"line":28,"column":55}},"13":{"start":{"line":31,"column":23},"end":{"line":31,"column":63}},"14":{"start":{"line":32,"column":8},"end":{"line":32,"column":65}},"15":{"start":{"line":32,"column":21},"end":{"line":32,"column":65}},"16":{"start":{"line":33,"column":8},"end":{"line":35,"column":9}},"17":{"start":{"line":34,"column":12},"end":{"line":34,"column":97}},"18":{"start":{"line":39,"column":8},"end":{"line":39,"column":34}},"19":{"start":{"line":40,"column":21},"end":{"line":40,"column":66}},"20":{"start":{"line":41,"column":22},"end":{"line":41,"column":71}},"21":{"start":{"line":42,"column":8},"end":{"line":42,"column":35}},"22":{"start":{"line":44,"column":8},"end":{"line":44,"column":46}},"23":{"start":{"line":46,"column":8},"end":{"line":46,"column":54}},"24":{"start":{"line":47,"column":8},"end":{"line":47,"column":18}},"25":{"start":{"line":52,"column":4},"end":{"line":61,"column":5}},"26":{"start":{"line":53,"column":34},"end":{"line":53,"column":44}},"27":{"start":{"line":55,"column":22},"end":{"line":55,"column":63}},"28":{"start":{"line":56,"column":8},"end":{"line":56,"column":85}},"29":{"start":{"line":56,"column":27},"end":{"line":56,"column":85}},"30":{"start":{"line":58,"column":8},"end":{"line":58,"column":24}},"31":{"start":{"line":60,"column":8},"end":{"line":60,"column":18}},"32":{"start":{"line":65,"column":4},"end":{"line":82,"column":5}},"33":{"start":{"line":66,"column":23},"end":{"line":66,"column":33}},"34":{"start":{"line":67,"column":23},"end":{"line":67,"column":57}},"35":{"start":{"line":68,"column":8},"end":{"line":68,"column":137}},"36":{"start":{"line":68,"column":45},"end":{"line":68,"column":137}},"37":{"start":{"line":71,"column":27},"end":{"line":71,"column":60}},"38":{"start":{"line":72,"column":8},"end":{"line":72,"column":69}},"39":{"start":{"line":72,"column":25},"end":{"line":72,"column":69}},"40":{"start":{"line":73,"column":8},"end":{"line":75,"column":9}},"41":{"start":{"line":74,"column":12},"end":{"line":74,"column":97}},"42":{"start":{"line":77,"column":23},"end":{"line":77,"column":58}},"43":{"start":{"line":79,"column":8},"end":{"line":79,"column":51}},"44":{"start":{"line":81,"column":8},"end":{"line":81,"column":18}},"45":{"start":{"line":86,"column":24},"end":{"line":86,"column":34}},"46":{"start":{"line":90,"column":4},"end":{"line":126,"column":5}},"47":{"start":{"line":91,"column":23},"end":{"line":91,"column":53}},"48":{"start":{"line":93,"column":8},"end":{"line":93,"column":247}},"49":{"start":{"line":93,"column":111},"end":{"line":93,"column":247}},"50":{"start":{"line":96,"column":27},"end":{"line":96,"column":60}},"51":{"start":{"line":97,"column":8},"end":{"line":97,"column":67}},"52":{"start":{"line":97,"column":25},"end":{"line":97,"column":67}},"53":{"start":{"line":98,"column":8},"end":{"line":100,"column":9}},"54":{"start":{"line":99,"column":12},"end":{"line":99,"column":97}},"55":{"start":{"line":102,"column":8},"end":{"line":102,"column":38}},"56":{"start":{"line":103,"column":8},"end":{"line":103,"column":36}},"57":{"start":{"line":106,"column":21},"end":{"line":106,"column":78}},"58":{"start":{"line":109,"column":8},"end":{"line":109,"column":84}},"59":{"start":{"line":109,"column":34},"end":{"line":109,"column":84}},"60":{"start":{"line":112,"column":27},"end":{"line":112,"column":82}},"61":{"start":{"line":114,"column":8},"end":{"line":114,"column":37}},"62":{"start":{"line":116,"column":8},"end":{"line":116,"column":39}},"63":{"start":{"line":118,"column":8},"end":{"line":118,"column":68}},"64":{"start":{"line":118,"column":20},"end":{"line":118,"column":68}},"65":{"start":{"line":119,"column":8},"end":{"line":123,"column":9}},"66":{"start":{"line":120,"column":12},"end":{"line":120,"column":82}},"67":{"start":{"line":122,"column":12},"end":{"line":122,"column":22}},"68":{"start":{"line":125,"column":8},"end":{"line":125,"column":36}},"69":{"start":{"line":125,"column":20},"end":{"line":125,"column":36}},"70":{"start":{"line":130,"column":4},"end":{"line":149,"column":5}},"71":{"start":{"line":131,"column":34},"end":{"line":131,"column":44}},"72":{"start":{"line":132,"column":27},"end":{"line":132,"column":35}},"73":{"start":{"line":134,"column":8},"end":{"line":136,"column":9}},"74":{"start":{"line":135,"column":12},"end":{"line":135,"column":84}},"75":{"start":{"line":139,"column":23},"end":{"line":139,"column":63}},"76":{"start":{"line":140,"column":8},"end":{"line":140,"column":65}},"77":{"start":{"line":140,"column":21},"end":{"line":140,"column":65}},"78":{"start":{"line":141,"column":8},"end":{"line":143,"column":9}},"79":{"start":{"line":142,"column":12},"end":{"line":142,"column":97}},"80":{"start":{"line":145,"column":24},"end":{"line":145,"column":70}},"81":{"start":{"line":146,"column":8},"end":{"line":146,"column":26}},"82":{"start":{"line":148,"column":8},"end":{"line":148,"column":18}},"83":{"start":{"line":153,"column":4},"end":{"line":172,"column":5}},"84":{"start":{"line":154,"column":28},"end":{"line":154,"column":38}},"85":{"start":{"line":155,"column":27},"end":{"line":155,"column":35}},"86":{"start":{"line":157,"column":8},"end":{"line":159,"column":9}},"87":{"start":{"line":158,"column":12},"end":{"line":158,"column":84}},"88":{"start":{"line":162,"column":27},"end":{"line":162,"column":60}},"89":{"start":{"line":163,"column":8},"end":{"line":163,"column":67}},"90":{"start":{"line":163,"column":25},"end":{"line":163,"column":67}},"91":{"start":{"line":164,"column":8},"end":{"line":166,"column":9}},"92":{"start":{"line":165,"column":12},"end":{"line":165,"column":97}},"93":{"start":{"line":168,"column":24},"end":{"line":168,"column":66}},"94":{"start":{"line":169,"column":8},"end":{"line":169,"column":26}},"95":{"start":{"line":171,"column":8},"end":{"line":171,"column":18}}},"fnMap":{"0":{"name":"createBranch","decl":{"start":{"line":7,"column":22},"end":{"line":7,"column":34}},"loc":{"start":{"line":7,"column":51},"end":{"line":23,"column":1}},"line":7},"1":{"name":"createMenuWithItems","decl":{"start":{"line":25,"column":22},"end":{"line":25,"column":41}},"loc":{"start":{"line":25,"column":58},"end":{"line":49,"column":1}},"line":25},"2":{"name":"(anonymous_2)","decl":{"start":{"line":46,"column":43},"end":{"line":46,"column":44}},"loc":{"start":{"line":46,"column":49},"end":{"line":46,"column":52}},"line":46},"3":{"name":"getMenusWithItems","decl":{"start":{"line":51,"column":22},"end":{"line":51,"column":39}},"loc":{"start":{"line":51,"column":56},"end":{"line":62,"column":1}},"line":51},"4":{"name":"updateBranch","decl":{"start":{"line":64,"column":22},"end":{"line":64,"column":34}},"loc":{"start":{"line":64,"column":51},"end":{"line":83,"column":1}},"line":64},"5":{"name":"editMenu","decl":{"start":{"line":85,"column":22},"end":{"line":85,"column":30}},"loc":{"start":{"line":85,"column":47},"end":{"line":127,"column":1}},"line":85},"6":{"name":"(anonymous_6)","decl":{"start":{"line":118,"column":57},"end":{"line":118,"column":58}},"loc":{"start":{"line":118,"column":63},"end":{"line":118,"column":66}},"line":118},"7":{"name":"toggleBranchActive","decl":{"start":{"line":129,"column":22},"end":{"line":129,"column":40}},"loc":{"start":{"line":129,"column":57},"end":{"line":150,"column":1}},"line":129},"8":{"name":"toggleMenuActive","decl":{"start":{"line":152,"column":22},"end":{"line":152,"column":38}},"loc":{"start":{"line":152,"column":55},"end":{"line":173,"column":1}},"line":152}},"branchMap":{"0":{"loc":{"start":{"line":13,"column":8},"end":{"line":13,"column":73}},"type":"if","locations":[{"start":{"line":13,"column":8},"end":{"line":13,"column":73}},{"start":{},"end":{}}],"line":13},"1":{"loc":{"start":{"line":14,"column":8},"end":{"line":16,"column":9}},"type":"if","locations":[{"start":{"line":14,"column":8},"end":{"line":16,"column":9}},{"start":{},"end":{}}],"line":14},"2":{"loc":{"start":{"line":32,"column":8},"end":{"line":32,"column":65}},"type":"if","locations":[{"start":{"line":32,"column":8},"end":{"line":32,"column":65}},{"start":{},"end":{}}],"line":32},"3":{"loc":{"start":{"line":33,"column":8},"end":{"line":35,"column":9}},"type":"if","locations":[{"start":{"line":33,"column":8},"end":{"line":35,"column":9}},{"start":{},"end":{}}],"line":33},"4":{"loc":{"start":{"line":56,"column":8},"end":{"line":56,"column":85}},"type":"if","locations":[{"start":{"line":56,"column":8},"end":{"line":56,"column":85}},{"start":{},"end":{}}],"line":56},"5":{"loc":{"start":{"line":68,"column":8},"end":{"line":68,"column":137}},"type":"if","locations":[{"start":{"line":68,"column":8},"end":{"line":68,"column":137}},{"start":{},"end":{}}],"line":68},"6":{"loc":{"start":{"line":72,"column":8},"end":{"line":72,"column":69}},"type":"if","locations":[{"start":{"line":72,"column":8},"end":{"line":72,"column":69}},{"start":{},"end":{}}],"line":72},"7":{"loc":{"start":{"line":73,"column":8},"end":{"line":75,"column":9}},"type":"if","locations":[{"start":{"line":73,"column":8},"end":{"line":75,"column":9}},{"start":{},"end":{}}],"line":73},"8":{"loc":{"start":{"line":93,"column":8},"end":{"line":93,"column":247}},"type":"if","locations":[{"start":{"line":93,"column":8},"end":{"line":93,"column":247}},{"start":{},"end":{}}],"line":93},"9":{"loc":{"start":{"line":93,"column":12},"end":{"line":93,"column":109}},"type":"binary-expr","locations":[{"start":{"line":93,"column":12},"end":{"line":93,"column":24}},{"start":{"line":93,"column":28},"end":{"line":93,"column":54}},{"start":{"line":93,"column":58},"end":{"line":93,"column":83}},{"start":{"line":93,"column":87},"end":{"line":93,"column":109}}],"line":93},"10":{"loc":{"start":{"line":97,"column":8},"end":{"line":97,"column":67}},"type":"if","locations":[{"start":{"line":97,"column":8},"end":{"line":97,"column":67}},{"start":{},"end":{}}],"line":97},"11":{"loc":{"start":{"line":98,"column":8},"end":{"line":100,"column":9}},"type":"if","locations":[{"start":{"line":98,"column":8},"end":{"line":100,"column":9}},{"start":{},"end":{}}],"line":98},"12":{"loc":{"start":{"line":106,"column":21},"end":{"line":106,"column":78}},"type":"binary-expr","locations":[{"start":{"line":106,"column":21},"end":{"line":106,"column":67}},{"start":{"line":106,"column":71},"end":{"line":106,"column":78}}],"line":106},"13":{"loc":{"start":{"line":109,"column":8},"end":{"line":109,"column":84}},"type":"if","locations":[{"start":{"line":109,"column":8},"end":{"line":109,"column":84}},{"start":{},"end":{}}],"line":109},"14":{"loc":{"start":{"line":118,"column":8},"end":{"line":118,"column":68}},"type":"if","locations":[{"start":{"line":118,"column":8},"end":{"line":118,"column":68}},{"start":{},"end":{}}],"line":118},"15":{"loc":{"start":{"line":119,"column":8},"end":{"line":123,"column":9}},"type":"if","locations":[{"start":{"line":119,"column":8},"end":{"line":123,"column":9}},{"start":{"line":121,"column":15},"end":{"line":123,"column":9}}],"line":119},"16":{"loc":{"start":{"line":125,"column":8},"end":{"line":125,"column":36}},"type":"if","locations":[{"start":{"line":125,"column":8},"end":{"line":125,"column":36}},{"start":{},"end":{}}],"line":125},"17":{"loc":{"start":{"line":134,"column":8},"end":{"line":136,"column":9}},"type":"if","locations":[{"start":{"line":134,"column":8},"end":{"line":136,"column":9}},{"start":{},"end":{}}],"line":134},"18":{"loc":{"start":{"line":140,"column":8},"end":{"line":140,"column":65}},"type":"if","locations":[{"start":{"line":140,"column":8},"end":{"line":140,"column":65}},{"start":{},"end":{}}],"line":140},"19":{"loc":{"start":{"line":141,"column":8},"end":{"line":143,"column":9}},"type":"if","locations":[{"start":{"line":141,"column":8},"end":{"line":143,"column":9}},{"start":{},"end":{}}],"line":141},"20":{"loc":{"start":{"line":157,"column":8},"end":{"line":159,"column":9}},"type":"if","locations":[{"start":{"line":157,"column":8},"end":{"line":159,"column":9}},{"start":{},"end":{}}],"line":157},"21":{"loc":{"start":{"line":163,"column":8},"end":{"line":163,"column":67}},"type":"if","locations":[{"start":{"line":163,"column":8},"end":{"line":163,"column":67}},{"start":{},"end":{}}],"line":163},"22":{"loc":{"start":{"line":164,"column":8},"end":{"line":166,"column":9}},"type":"if","locations":[{"start":{"line":164,"column":8},"end":{"line":166,"column":9}},{"start":{},"end":{}}],"line":164}},"s":{"0":3,"1":3,"2":3,"3":3,"4":1,"5":2,"6":1,"7":1,"8":1,"9":2,"10":1,"11":1,"12":1,"13":1,"14":1,"15":0,"16":1,"17":0,"18":1,"19":1,"20":1,"21":1,"22":1,"23":0,"24":0,"25":1,"26":1,"27":1,"28":1,"29":0,"30":1,"31":0,"32":2,"33":2,"34":2,"35":2,"36":0,"37":2,"38":2,"39":0,"40":2,"41":1,"42":1,"43":1,"44":1,"45":5,"46":5,"47":5,"48":5,"49":1,"50":4,"51":4,"52":1,"53":3,"54":1,"55":2,"56":2,"57":2,"58":1,"59":0,"60":1,"61":1,"62":1,"63":4,"64":1,"65":4,"66":0,"67":4,"68":5,"69":2,"70":0,"71":0,"72":0,"73":0,"74":0,"75":0,"76":0,"77":0,"78":0,"79":0,"80":0,"81":0,"82":0,"83":0,"84":0,"85":0,"86":0,"87":0,"88":0,"89":0,"90":0,"91":0,"92":0,"93":0,"94":0,"95":0},"f":{"0":3,"1":1,"2":0,"3":1,"4":2,"5":5,"6":1,"7":0,"8":0},"b":{"0":[1,2],"1":[1,1],"2":[0,1],"3":[0,1],"4":[0,1],"5":[0,2],"6":[0,2],"7":[1,1],"8":[1,4],"9":[5,1,1,1],"10":[1,3],"11":[1,2],"12":[2,0],"13":[0,1],"14":[1,3],"15":[0,4],"16":[2,3],"17":[0,0],"18":[0,0],"19":[0,0],"20":[0,0],"21":[0,0],"22":[0,0]},"_coverageSchema":"1a1c01bbd47fc00a2c39e90264f33305004495a9","hash":"7120b37037b13b729d5bd36b6d57ea706f2b2fd1"}
,"/home/vzucc/Documentos/coder/delivery-app/src/modules/branch/branch.repository.js": {"path":"/home/vzucc/Documentos/coder/delivery-app/src/modules/branch/branch.repository.js","statementMap":{"0":{"start":{"line":4,"column":16},"end":{"line":8,"column":3}},"1":{"start":{"line":9,"column":17},"end":{"line":9,"column":47}},"2":{"start":{"line":10,"column":19},"end":{"line":10,"column":48}},"3":{"start":{"line":11,"column":2},"end":{"line":11,"column":17}},"4":{"start":{"line":15,"column":19},"end":{"line":18,"column":3}},"5":{"start":{"line":19,"column":2},"end":{"line":19,"column":17}},"6":{"start":{"line":23,"column":16},"end":{"line":27,"column":3}},"7":{"start":{"line":28,"column":19},"end":{"line":28,"column":59}},"8":{"start":{"line":29,"column":2},"end":{"line":29,"column":17}},"9":{"start":{"line":34,"column":2},"end":{"line":34,"column":46}},"10":{"start":{"line":34,"column":36},"end":{"line":34,"column":46}},"11":{"start":{"line":36,"column":17},"end":{"line":36,"column":19}},"12":{"start":{"line":37,"column":23},"end":{"line":41,"column":14}},"13":{"start":{"line":38,"column":14},"end":{"line":38,"column":21}},"14":{"start":{"line":39,"column":4},"end":{"line":39,"column":98}},"15":{"start":{"line":40,"column":4},"end":{"line":40,"column":69}},"16":{"start":{"line":43,"column":16},"end":{"line":47,"column":3}},"17":{"start":{"line":49,"column":12},"end":{"line":49,"column":24}},"18":{"start":{"line":51,"column":19},"end":{"line":51,"column":47}},"19":{"start":{"line":52,"column":2},"end":{"line":52,"column":14}},"20":{"start":{"line":56,"column":19},"end":{"line":61,"column":17}},"21":{"start":{"line":62,"column":2},"end":{"line":62,"column":17}},"22":{"start":{"line":66,"column":26},"end":{"line":72,"column":3}},"23":{"start":{"line":74,"column":2},"end":{"line":74,"column":31}},"24":{"start":{"line":74,"column":21},"end":{"line":74,"column":31}},"25":{"start":{"line":75,"column":18},"end":{"line":75,"column":38}},"26":{"start":{"line":75,"column":33},"end":{"line":75,"column":37}},"27":{"start":{"line":76,"column":26},"end":{"line":81,"column":3}},"28":{"start":{"line":84,"column":22},"end":{"line":84,"column":24}},"29":{"start":{"line":85,"column":2},"end":{"line":88,"column":5}},"30":{"start":{"line":86,"column":4},"end":{"line":86,"column":67}},"31":{"start":{"line":86,"column":36},"end":{"line":86,"column":67}},"32":{"start":{"line":87,"column":4},"end":{"line":87,"column":41}},"33":{"start":{"line":89,"column":17},"end":{"line":92,"column":5}},"34":{"start":{"line":89,"column":36},"end":{"line":92,"column":3}},"35":{"start":{"line":94,"column":2},"end":{"line":94,"column":16}},"36":{"start":{"line":98,"column":17},"end":{"line":98,"column":19}},"37":{"start":{"line":99,"column":17},"end":{"line":99,"column":19}},"38":{"start":{"line":100,"column":12},"end":{"line":100,"column":13}},"39":{"start":{"line":102,"column":2},"end":{"line":108,"column":3}},"40":{"start":{"line":103,"column":4},"end":{"line":107,"column":5}},"41":{"start":{"line":104,"column":6},"end":{"line":104,"column":38}},"42":{"start":{"line":105,"column":6},"end":{"line":105,"column":29}},"43":{"start":{"line":106,"column":6},"end":{"line":106,"column":12}},"44":{"start":{"line":110,"column":2},"end":{"line":110,"column":34}},"45":{"start":{"line":110,"column":22},"end":{"line":110,"column":34}},"46":{"start":{"line":112,"column":2},"end":{"line":112,"column":18}},"47":{"start":{"line":113,"column":19},"end":{"line":116,"column":3}},"48":{"start":{"line":117,"column":2},"end":{"line":117,"column":17}},"49":{"start":{"line":121,"column":17},"end":{"line":121,"column":19}},"50":{"start":{"line":122,"column":17},"end":{"line":122,"column":19}},"51":{"start":{"line":123,"column":12},"end":{"line":123,"column":13}},"52":{"start":{"line":125,"column":2},"end":{"line":131,"column":3}},"53":{"start":{"line":126,"column":4},"end":{"line":130,"column":5}},"54":{"start":{"line":127,"column":6},"end":{"line":127,"column":38}},"55":{"start":{"line":128,"column":6},"end":{"line":128,"column":29}},"56":{"start":{"line":129,"column":6},"end":{"line":129,"column":12}},"57":{"start":{"line":133,"column":2},"end":{"line":133,"column":34}},"58":{"start":{"line":133,"column":22},"end":{"line":133,"column":34}},"59":{"start":{"line":135,"column":2},"end":{"line":135,"column":23}},"60":{"start":{"line":136,"column":12},"end":{"line":136,"column":24}},"61":{"start":{"line":137,"column":19},"end":{"line":140,"column":3}},"62":{"start":{"line":141,"column":2},"end":{"line":141,"column":17}},"63":{"start":{"line":145,"column":2},"end":{"line":145,"column":30}},"64":{"start":{"line":145,"column":23},"end":{"line":145,"column":30}},"65":{"start":{"line":146,"column":12},"end":{"line":146,"column":24}},"66":{"start":{"line":147,"column":2},"end":{"line":147,"column":79}},"67":{"start":{"line":152,"column":19},"end":{"line":158,"column":17}},"68":{"start":{"line":160,"column":2},"end":{"line":160,"column":17}}},"fnMap":{"0":{"name":"createBranch","decl":{"start":{"line":3,"column":22},"end":{"line":3,"column":34}},"loc":{"start":{"line":3,"column":69},"end":{"line":12,"column":1}},"line":3},"1":{"name":"getBranchById","decl":{"start":{"line":14,"column":22},"end":{"line":14,"column":35}},"loc":{"start":{"line":14,"column":40},"end":{"line":20,"column":1}},"line":14},"2":{"name":"createMenu","decl":{"start":{"line":22,"column":22},"end":{"line":22,"column":32}},"loc":{"start":{"line":22,"column":50},"end":{"line":30,"column":1}},"line":22},"3":{"name":"createMenuItems","decl":{"start":{"line":33,"column":22},"end":{"line":33,"column":37}},"loc":{"start":{"line":33,"column":69},"end":{"line":53,"column":1}},"line":33},"4":{"name":"(anonymous_4)","decl":{"start":{"line":37,"column":33},"end":{"line":37,"column":34}},"loc":{"start":{"line":37,"column":48},"end":{"line":41,"column":3}},"line":37},"5":{"name":"getBranchWithOwner","decl":{"start":{"line":55,"column":22},"end":{"line":55,"column":40}},"loc":{"start":{"line":55,"column":52},"end":{"line":63,"column":1}},"line":55},"6":{"name":"getAllMenusByBranch","decl":{"start":{"line":65,"column":22},"end":{"line":65,"column":41}},"loc":{"start":{"line":65,"column":53},"end":{"line":95,"column":1}},"line":65},"7":{"name":"(anonymous_7)","decl":{"start":{"line":75,"column":28},"end":{"line":75,"column":29}},"loc":{"start":{"line":75,"column":33},"end":{"line":75,"column":37}},"line":75},"8":{"name":"(anonymous_8)","decl":{"start":{"line":85,"column":16},"end":{"line":85,"column":17}},"loc":{"start":{"line":85,"column":24},"end":{"line":88,"column":3}},"line":85},"9":{"name":"(anonymous_9)","decl":{"start":{"line":89,"column":27},"end":{"line":89,"column":28}},"loc":{"start":{"line":89,"column":36},"end":{"line":92,"column":3}},"line":89},"10":{"name":"updateBranch","decl":{"start":{"line":97,"column":22},"end":{"line":97,"column":34}},"loc":{"start":{"line":97,"column":45},"end":{"line":118,"column":1}},"line":97},"11":{"name":"updateMenu","decl":{"start":{"line":120,"column":22},"end":{"line":120,"column":32}},"loc":{"start":{"line":120,"column":63},"end":{"line":142,"column":1}},"line":120},"12":{"name":"deleteMenuItems","decl":{"start":{"line":144,"column":22},"end":{"line":144,"column":37}},"loc":{"start":{"line":144,"column":62},"end":{"line":148,"column":1}},"line":144},"13":{"name":"getMenuOwners","decl":{"start":{"line":151,"column":22},"end":{"line":151,"column":35}},"loc":{"start":{"line":151,"column":45},"end":{"line":161,"column":1}},"line":151}},"branchMap":{"0":{"loc":{"start":{"line":33,"column":54},"end":{"line":33,"column":67}},"type":"default-arg","locations":[{"start":{"line":33,"column":63},"end":{"line":33,"column":67}}],"line":33},"1":{"loc":{"start":{"line":34,"column":2},"end":{"line":34,"column":46}},"type":"if","locations":[{"start":{"line":34,"column":2},"end":{"line":34,"column":46}},{"start":{},"end":{}}],"line":34},"2":{"loc":{"start":{"line":34,"column":6},"end":{"line":34,"column":34}},"type":"binary-expr","locations":[{"start":{"line":34,"column":6},"end":{"line":34,"column":12}},{"start":{"line":34,"column":16},"end":{"line":34,"column":34}}],"line":34},"3":{"loc":{"start":{"line":39,"column":27},"end":{"line":39,"column":51}},"type":"binary-expr","locations":[{"start":{"line":39,"column":27},"end":{"line":39,"column":43}},{"start":{"line":39,"column":47},"end":{"line":39,"column":51}}],"line":39},"4":{"loc":{"start":{"line":39,"column":65},"end":{"line":39,"column":87}},"type":"binary-expr","locations":[{"start":{"line":39,"column":65},"end":{"line":39,"column":79}},{"start":{"line":39,"column":83},"end":{"line":39,"column":87}}],"line":39},"5":{"loc":{"start":{"line":49,"column":12},"end":{"line":49,"column":24}},"type":"binary-expr","locations":[{"start":{"line":49,"column":12},"end":{"line":49,"column":18}},{"start":{"line":49,"column":22},"end":{"line":49,"column":24}}],"line":49},"6":{"loc":{"start":{"line":74,"column":2},"end":{"line":74,"column":31}},"type":"if","locations":[{"start":{"line":74,"column":2},"end":{"line":74,"column":31}},{"start":{},"end":{}}],"line":74},"7":{"loc":{"start":{"line":86,"column":4},"end":{"line":86,"column":67}},"type":"if","locations":[{"start":{"line":86,"column":4},"end":{"line":86,"column":67}},{"start":{},"end":{}}],"line":86},"8":{"loc":{"start":{"line":91,"column":11},"end":{"line":91,"column":37}},"type":"binary-expr","locations":[{"start":{"line":91,"column":11},"end":{"line":91,"column":31}},{"start":{"line":91,"column":35},"end":{"line":91,"column":37}}],"line":91},"9":{"loc":{"start":{"line":103,"column":4},"end":{"line":107,"column":5}},"type":"if","locations":[{"start":{"line":103,"column":4},"end":{"line":107,"column":5}},{"start":{},"end":{}}],"line":103},"10":{"loc":{"start":{"line":110,"column":2},"end":{"line":110,"column":34}},"type":"if","locations":[{"start":{"line":110,"column":2},"end":{"line":110,"column":34}},{"start":{},"end":{}}],"line":110},"11":{"loc":{"start":{"line":120,"column":48},"end":{"line":120,"column":61}},"type":"default-arg","locations":[{"start":{"line":120,"column":57},"end":{"line":120,"column":61}}],"line":120},"12":{"loc":{"start":{"line":126,"column":4},"end":{"line":130,"column":5}},"type":"if","locations":[{"start":{"line":126,"column":4},"end":{"line":130,"column":5}},{"start":{},"end":{}}],"line":126},"13":{"loc":{"start":{"line":133,"column":2},"end":{"line":133,"column":34}},"type":"if","locations":[{"start":{"line":133,"column":2},"end":{"line":133,"column":34}},{"start":{},"end":{}}],"line":133},"14":{"loc":{"start":{"line":136,"column":12},"end":{"line":136,"column":24}},"type":"binary-expr","locations":[{"start":{"line":136,"column":12},"end":{"line":136,"column":18}},{"start":{"line":136,"column":22},"end":{"line":136,"column":24}}],"line":136},"15":{"loc":{"start":{"line":144,"column":47},"end":{"line":144,"column":60}},"type":"default-arg","locations":[{"start":{"line":144,"column":56},"end":{"line":144,"column":60}}],"line":144},"16":{"loc":{"start":{"line":145,"column":2},"end":{"line":145,"column":30}},"type":"if","locations":[{"start":{"line":145,"column":2},"end":{"line":145,"column":30}},{"start":{},"end":{}}],"line":145},"17":{"loc":{"start":{"line":146,"column":12},"end":{"line":146,"column":24}},"type":"binary-expr","locations":[{"start":{"line":146,"column":12},"end":{"line":146,"column":18}},{"start":{"line":146,"column":22},"end":{"line":146,"column":24}}],"line":146}},"s":{"0":1,"1":1,"2":1,"3":1,"4":2,"5":2,"6":1,"7":1,"8":1,"9":2,"10":1,"11":1,"12":1,"13":2,"14":2,"15":2,"16":1,"17":1,"18":1,"19":1,"20":1,"21":1,"22":2,"23":2,"24":1,"25":1,"26":1,"27":1,"28":1,"29":1,"30":1,"31":1,"32":1,"33":1,"34":1,"35":1,"36":2,"37":2,"38":2,"39":2,"40":8,"41":2,"42":2,"43":2,"44":2,"45":1,"46":1,"47":1,"48":1,"49":2,"50":2,"51":2,"52":2,"53":4,"54":2,"55":2,"56":2,"57":2,"58":1,"59":1,"60":1,"61":1,"62":1,"63":2,"64":1,"65":1,"66":1,"67":2,"68":2},"f":{"0":1,"1":2,"2":1,"3":2,"4":2,"5":1,"6":2,"7":1,"8":1,"9":1,"10":2,"11":2,"12":2,"13":2},"b":{"0":[2],"1":[1,1],"2":[2,2],"3":[2,2],"4":[2,2],"5":[1,1],"6":[1,1],"7":[1,0],"8":[1,0],"9":[2,6],"10":[1,1],"11":[2],"12":[2,2],"13":[1,1],"14":[1,1],"15":[2],"16":[1,1],"17":[1,1]},"_coverageSchema":"1a1c01bbd47fc00a2c39e90264f33305004495a9","hash":"449018633ff928bfef44aca523094b8946c780f4"}
,"/home/vzucc/Documentos/coder/delivery-app/src/modules/branch/branch.routes.js": {"path":"/home/vzucc/Documentos/coder/delivery-app/src/modules/branch/branch.routes.js","statementMap":{"0":{"start":{"line":5,"column":15},"end":{"line":5,"column":23}},"1":{"start":{"line":7,"column":0},"end":{"line":7,"column":85}},"2":{"start":{"line":8,"column":0},"end":{"line":8,"column":90}},"3":{"start":{"line":9,"column":0},"end":{"line":9,"column":100}},"4":{"start":{"line":10,"column":0},"end":{"line":10,"column":42}},"5":{"start":{"line":11,"column":0},"end":{"line":11,"column":103}},"6":{"start":{"line":12,"column":0},"end":{"line":12,"column":100}},"7":{"start":{"line":13,"column":0},"end":{"line":13,"column":115}}},"fnMap":{},"branchMap":{},"s":{"0":6,"1":6,"2":6,"3":6,"4":6,"5":6,"6":6,"7":6},"f":{},"b":{},"_coverageSchema":"1a1c01bbd47fc00a2c39e90264f33305004495a9","hash":"8fe0b5d866ff5bce74e1c0bbc2ecc03182781b65"}
,"/home/vzucc/Documentos/coder/delivery-app/src/modules/branch/branch.schema.js": {"path":"/home/vzucc/Documentos/coder/delivery-app/src/modules/branch/branch.schema.js","statementMap":{"0":{"start":{"line":3,"column":34},"end":{"line":7,"column":2}},"1":{"start":{"line":9,"column":34},"end":{"line":14,"column":2}},"2":{"start":{"line":16,"column":34},"end":{"line":25,"column":2}},"3":{"start":{"line":23,"column":26},"end":{"line":23,"column":53}},"4":{"start":{"line":27,"column":34},"end":{"line":27,"column":61}},"5":{"start":{"line":31,"column":30},"end":{"line":36,"column":2}},"6":{"start":{"line":38,"column":32},"end":{"line":41,"column":2}},"7":{"start":{"line":43,"column":30},"end":{"line":48,"column":2}},"8":{"start":{"line":50,"column":32},"end":{"line":59,"column":2}},"9":{"start":{"line":57,"column":26},"end":{"line":57,"column":53}},"10":{"start":{"line":61,"column":32},"end":{"line":61,"column":57}}},"fnMap":{"0":{"name":"(anonymous_0)","decl":{"start":{"line":23,"column":19},"end":{"line":23,"column":20}},"loc":{"start":{"line":23,"column":26},"end":{"line":23,"column":53}},"line":23},"1":{"name":"(anonymous_1)","decl":{"start":{"line":57,"column":19},"end":{"line":57,"column":20}},"loc":{"start":{"line":57,"column":26},"end":{"line":57,"column":53}},"line":57}},"branchMap":{},"s":{"0":6,"1":6,"2":6,"3":1,"4":6,"5":6,"6":6,"7":6,"8":6,"9":0,"10":6},"f":{"0":1,"1":0},"b":{},"_coverageSchema":"1a1c01bbd47fc00a2c39e90264f33305004495a9","hash":"9c3ac98d387d23ac0890f86ab2dee0a61bb076a1"}
,"/home/vzucc/Documentos/coder/delivery-app/src/modules/order/order.controller.js": {"path":"/home/vzucc/Documentos/coder/delivery-app/src/modules/order/order.controller.js","statementMap":{"0":{"start":{"line":10,"column":4},"end":{"line":45,"column":5}},"1":{"start":{"line":11,"column":23},"end":{"line":11,"column":56}},"2":{"start":{"line":12,"column":31},"end":{"line":12,"column":63}},"3":{"start":{"line":16,"column":8},"end":{"line":25,"column":9}},"4":{"start":{"line":17,"column":26},"end":{"line":17,"column":67}},"5":{"start":{"line":18,"column":12},"end":{"line":24,"column":13}},"6":{"start":{"line":20,"column":16},"end":{"line":23,"column":19}},"7":{"start":{"line":27,"column":25},"end":{"line":27,"column":44}},"8":{"start":{"line":30,"column":20},"end":{"line":35,"column":10}},"9":{"start":{"line":38,"column":8},"end":{"line":42,"column":11}},"10":{"start":{"line":44,"column":8},"end":{"line":44,"column":18}},"11":{"start":{"line":50,"column":4},"end":{"line":70,"column":5}},"12":{"start":{"line":51,"column":30},"end":{"line":51,"column":40}},"13":{"start":{"line":52,"column":21},"end":{"line":52,"column":55}},"14":{"start":{"line":53,"column":8},"end":{"line":53,"column":62}},"15":{"start":{"line":53,"column":19},"end":{"line":53,"column":62}},"16":{"start":{"line":56,"column":8},"end":{"line":58,"column":9}},"17":{"start":{"line":57,"column":12},"end":{"line":57,"column":66}},"18":{"start":{"line":59,"column":8},"end":{"line":64,"column":9}},"19":{"start":{"line":61,"column":31},"end":{"line":61,"column":77}},"20":{"start":{"line":62,"column":12},"end":{"line":62,"column":91}},"21":{"start":{"line":62,"column":29},"end":{"line":62,"column":91}},"22":{"start":{"line":63,"column":12},"end":{"line":63,"column":112}},"23":{"start":{"line":63,"column":58},"end":{"line":63,"column":112}},"24":{"start":{"line":66,"column":8},"end":{"line":66,"column":28}},"25":{"start":{"line":67,"column":8},"end":{"line":67,"column":23}},"26":{"start":{"line":69,"column":8},"end":{"line":69,"column":18}},"27":{"start":{"line":75,"column":4},"end":{"line":102,"column":5}},"28":{"start":{"line":76,"column":24},"end":{"line":81,"column":9}},"29":{"start":{"line":84,"column":8},"end":{"line":96,"column":9}},"30":{"start":{"line":85,"column":12},"end":{"line":85,"column":51}},"31":{"start":{"line":86,"column":15},"end":{"line":96,"column":9}},"32":{"start":{"line":88,"column":12},"end":{"line":95,"column":13}},"33":{"start":{"line":89,"column":35},"end":{"line":89,"column":78}},"34":{"start":{"line":90,"column":16},"end":{"line":90,"column":77}},"35":{"start":{"line":90,"column":33},"end":{"line":90,"column":77}},"36":{"start":{"line":91,"column":16},"end":{"line":91,"column":116}},"37":{"start":{"line":91,"column":62},"end":{"line":91,"column":116}},"38":{"start":{"line":94,"column":16},"end":{"line":94,"column":105}},"39":{"start":{"line":98,"column":21},"end":{"line":98,"column":51}},"40":{"start":{"line":99,"column":8},"end":{"line":99,"column":23}},"41":{"start":{"line":101,"column":8},"end":{"line":101,"column":18}},"42":{"start":{"line":111,"column":22},"end":{"line":111,"column":68}},"43":{"start":{"line":112,"column":4},"end":{"line":112,"column":59}},"44":{"start":{"line":112,"column":16},"end":{"line":112,"column":59}},"45":{"start":{"line":115,"column":4},"end":{"line":122,"column":5}},"46":{"start":{"line":118,"column":11},"end":{"line":122,"column":5}},"47":{"start":{"line":119,"column":27},"end":{"line":119,"column":68}},"48":{"start":{"line":120,"column":8},"end":{"line":120,"column":69}},"49":{"start":{"line":120,"column":25},"end":{"line":120,"column":69}},"50":{"start":{"line":121,"column":8},"end":{"line":121,"column":105}},"51":{"start":{"line":121,"column":51},"end":{"line":121,"column":105}},"52":{"start":{"line":124,"column":4},"end":{"line":126,"column":5}},"53":{"start":{"line":125,"column":8},"end":{"line":125,"column":99}},"54":{"start":{"line":128,"column":19},"end":{"line":128,"column":39}},"55":{"start":{"line":129,"column":4},"end":{"line":129,"column":76}},"56":{"start":{"line":129,"column":25},"end":{"line":129,"column":76}},"57":{"start":{"line":131,"column":20},"end":{"line":131,"column":86}},"58":{"start":{"line":132,"column":4},"end":{"line":132,"column":19}},"59":{"start":{"line":137,"column":4},"end":{"line":151,"column":5}},"60":{"start":{"line":138,"column":34},"end":{"line":138,"column":44}},"61":{"start":{"line":140,"column":24},"end":{"line":147,"column":10}},"62":{"start":{"line":148,"column":8},"end":{"line":148,"column":26}},"63":{"start":{"line":150,"column":8},"end":{"line":150,"column":18}},"64":{"start":{"line":156,"column":4},"end":{"line":168,"column":5}},"65":{"start":{"line":157,"column":34},"end":{"line":157,"column":44}},"66":{"start":{"line":158,"column":24},"end":{"line":164,"column":10}},"67":{"start":{"line":165,"column":8},"end":{"line":165,"column":26}},"68":{"start":{"line":167,"column":8},"end":{"line":167,"column":18}},"69":{"start":{"line":173,"column":4},"end":{"line":185,"column":5}},"70":{"start":{"line":174,"column":34},"end":{"line":174,"column":44}},"71":{"start":{"line":175,"column":24},"end":{"line":181,"column":10}},"72":{"start":{"line":182,"column":8},"end":{"line":182,"column":26}},"73":{"start":{"line":184,"column":8},"end":{"line":184,"column":18}},"74":{"start":{"line":190,"column":4},"end":{"line":202,"column":5}},"75":{"start":{"line":191,"column":34},"end":{"line":191,"column":44}},"76":{"start":{"line":192,"column":24},"end":{"line":198,"column":10}},"77":{"start":{"line":199,"column":8},"end":{"line":199,"column":26}},"78":{"start":{"line":201,"column":8},"end":{"line":201,"column":18}},"79":{"start":{"line":207,"column":4},"end":{"line":223,"column":5}},"80":{"start":{"line":208,"column":34},"end":{"line":208,"column":44}},"81":{"start":{"line":210,"column":24},"end":{"line":216,"column":10}},"82":{"start":{"line":218,"column":8},"end":{"line":218,"column":105}},"83":{"start":{"line":219,"column":21},"end":{"line":219,"column":48}},"84":{"start":{"line":220,"column":8},"end":{"line":220,"column":23}},"85":{"start":{"line":222,"column":8},"end":{"line":222,"column":18}},"86":{"start":{"line":228,"column":4},"end":{"line":261,"column":5}},"87":{"start":{"line":229,"column":34},"end":{"line":229,"column":44}},"88":{"start":{"line":233,"column":21},"end":{"line":233,"column":48}},"89":{"start":{"line":234,"column":8},"end":{"line":234,"column":62}},"90":{"start":{"line":234,"column":19},"end":{"line":234,"column":62}},"91":{"start":{"line":235,"column":22},"end":{"line":235,"column":32}},"92":{"start":{"line":237,"column":8},"end":{"line":241,"column":9}},"93":{"start":{"line":238,"column":12},"end":{"line":238,"column":120}},"94":{"start":{"line":238,"column":44},"end":{"line":238,"column":120}},"95":{"start":{"line":239,"column":28},"end":{"line":239,"column":138}},"96":{"start":{"line":240,"column":12},"end":{"line":240,"column":37}},"97":{"start":{"line":243,"column":8},"end":{"line":250,"column":9}},"98":{"start":{"line":244,"column":31},"end":{"line":244,"column":72}},"99":{"start":{"line":245,"column":12},"end":{"line":245,"column":73}},"100":{"start":{"line":245,"column":29},"end":{"line":245,"column":73}},"101":{"start":{"line":246,"column":12},"end":{"line":246,"column":112}},"102":{"start":{"line":246,"column":58},"end":{"line":246,"column":112}},"103":{"start":{"line":247,"column":12},"end":{"line":247,"column":153}},"104":{"start":{"line":247,"column":66},"end":{"line":247,"column":153}},"105":{"start":{"line":248,"column":28},"end":{"line":248,"column":138}},"106":{"start":{"line":249,"column":12},"end":{"line":249,"column":37}},"107":{"start":{"line":253,"column":8},"end":{"line":256,"column":9}},"108":{"start":{"line":254,"column":28},"end":{"line":254,"column":138}},"109":{"start":{"line":255,"column":12},"end":{"line":255,"column":37}},"110":{"start":{"line":258,"column":8},"end":{"line":258,"column":62}},"111":{"start":{"line":260,"column":8},"end":{"line":260,"column":18}}},"fnMap":{"0":{"name":"createOrder","decl":{"start":{"line":9,"column":22},"end":{"line":9,"column":33}},"loc":{"start":{"line":9,"column":50},"end":{"line":46,"column":1}},"line":9},"1":{"name":"getOrder","decl":{"start":{"line":49,"column":22},"end":{"line":49,"column":30}},"loc":{"start":{"line":49,"column":47},"end":{"line":71,"column":1}},"line":49},"2":{"name":"listOrders","decl":{"start":{"line":74,"column":22},"end":{"line":74,"column":32}},"loc":{"start":{"line":74,"column":49},"end":{"line":103,"column":1}},"line":74},"3":{"name":"changeStatusIfAllowed","decl":{"start":{"line":109,"column":15},"end":{"line":109,"column":36}},"loc":{"start":{"line":109,"column":120},"end":{"line":133,"column":1}},"line":109},"4":{"name":"acceptOrder","decl":{"start":{"line":136,"column":22},"end":{"line":136,"column":33}},"loc":{"start":{"line":136,"column":50},"end":{"line":152,"column":1}},"line":136},"5":{"name":"markPrepared","decl":{"start":{"line":155,"column":22},"end":{"line":155,"column":34}},"loc":{"start":{"line":155,"column":51},"end":{"line":169,"column":1}},"line":155},"6":{"name":"markSent","decl":{"start":{"line":172,"column":22},"end":{"line":172,"column":30}},"loc":{"start":{"line":172,"column":47},"end":{"line":186,"column":1}},"line":172},"7":{"name":"markDelivered","decl":{"start":{"line":189,"column":22},"end":{"line":189,"column":35}},"loc":{"start":{"line":189,"column":52},"end":{"line":203,"column":1}},"line":189},"8":{"name":"markPaid","decl":{"start":{"line":206,"column":22},"end":{"line":206,"column":30}},"loc":{"start":{"line":206,"column":47},"end":{"line":224,"column":1}},"line":206},"9":{"name":"cancelOrder","decl":{"start":{"line":227,"column":22},"end":{"line":227,"column":33}},"loc":{"start":{"line":227,"column":50},"end":{"line":262,"column":1}},"line":227}},"branchMap":{"0":{"loc":{"start":{"line":16,"column":8},"end":{"line":25,"column":9}},"type":"if","locations":[{"start":{"line":16,"column":8},"end":{"line":25,"column":9}},{"start":{},"end":{}}],"line":16},"1":{"loc":{"start":{"line":18,"column":12},"end":{"line":24,"column":13}},"type":"if","locations":[{"start":{"line":18,"column":12},"end":{"line":24,"column":13}},{"start":{},"end":{}}],"line":18},"2":{"loc":{"start":{"line":18,"column":16},"end":{"line":18,"column":39}},"type":"binary-expr","locations":[{"start":{"line":18,"column":16},"end":{"line":18,"column":21}},{"start":{"line":18,"column":25},"end":{"line":18,"column":39}}],"line":18},"3":{"loc":{"start":{"line":53,"column":8},"end":{"line":53,"column":62}},"type":"if","locations":[{"start":{"line":53,"column":8},"end":{"line":53,"column":62}},{"start":{},"end":{}}],"line":53},"4":{"loc":{"start":{"line":56,"column":8},"end":{"line":58,"column":9}},"type":"if","locations":[{"start":{"line":56,"column":8},"end":{"line":58,"column":9}},{"start":{},"end":{}}],"line":56},"5":{"loc":{"start":{"line":56,"column":12},"end":{"line":56,"column":87}},"type":"binary-expr","locations":[{"start":{"line":56,"column":12},"end":{"line":56,"column":40}},{"start":{"line":56,"column":44},"end":{"line":56,"column":87}}],"line":56},"6":{"loc":{"start":{"line":59,"column":8},"end":{"line":64,"column":9}},"type":"if","locations":[{"start":{"line":59,"column":8},"end":{"line":64,"column":9}},{"start":{},"end":{}}],"line":59},"7":{"loc":{"start":{"line":62,"column":12},"end":{"line":62,"column":91}},"type":"if","locations":[{"start":{"line":62,"column":12},"end":{"line":62,"column":91}},{"start":{},"end":{}}],"line":62},"8":{"loc":{"start":{"line":63,"column":12},"end":{"line":63,"column":112}},"type":"if","locations":[{"start":{"line":63,"column":12},"end":{"line":63,"column":112}},{"start":{},"end":{}}],"line":63},"9":{"loc":{"start":{"line":77,"column":25},"end":{"line":77,"column":90}},"type":"cond-expr","locations":[{"start":{"line":77,"column":49},"end":{"line":77,"column":78}},{"start":{"line":77,"column":81},"end":{"line":77,"column":90}}],"line":77},"10":{"loc":{"start":{"line":78,"column":23},"end":{"line":78,"column":84}},"type":"cond-expr","locations":[{"start":{"line":78,"column":45},"end":{"line":78,"column":72}},{"start":{"line":78,"column":75},"end":{"line":78,"column":84}}],"line":78},"11":{"loc":{"start":{"line":79,"column":19},"end":{"line":79,"column":65}},"type":"cond-expr","locations":[{"start":{"line":79,"column":37},"end":{"line":79,"column":60}},{"start":{"line":79,"column":63},"end":{"line":79,"column":65}}],"line":79},"12":{"loc":{"start":{"line":80,"column":20},"end":{"line":80,"column":67}},"type":"cond-expr","locations":[{"start":{"line":80,"column":39},"end":{"line":80,"column":63}},{"start":{"line":80,"column":66},"end":{"line":80,"column":67}}],"line":80},"13":{"loc":{"start":{"line":84,"column":8},"end":{"line":96,"column":9}},"type":"if","locations":[{"start":{"line":84,"column":8},"end":{"line":96,"column":9}},{"start":{"line":86,"column":15},"end":{"line":96,"column":9}}],"line":84},"14":{"loc":{"start":{"line":86,"column":15},"end":{"line":96,"column":9}},"type":"if","locations":[{"start":{"line":86,"column":15},"end":{"line":96,"column":9}},{"start":{},"end":{}}],"line":86},"15":{"loc":{"start":{"line":88,"column":12},"end":{"line":95,"column":13}},"type":"if","locations":[{"start":{"line":88,"column":12},"end":{"line":95,"column":13}},{"start":{"line":92,"column":19},"end":{"line":95,"column":13}}],"line":88},"16":{"loc":{"start":{"line":90,"column":16},"end":{"line":90,"column":77}},"type":"if","locations":[{"start":{"line":90,"column":16},"end":{"line":90,"column":77}},{"start":{},"end":{}}],"line":90},"17":{"loc":{"start":{"line":91,"column":16},"end":{"line":91,"column":116}},"type":"if","locations":[{"start":{"line":91,"column":16},"end":{"line":91,"column":116}},{"start":{},"end":{}}],"line":91},"18":{"loc":{"start":{"line":111,"column":22},"end":{"line":111,"column":68}},"type":"binary-expr","locations":[{"start":{"line":111,"column":22},"end":{"line":111,"column":62}},{"start":{"line":111,"column":66},"end":{"line":111,"column":68}}],"line":111},"19":{"loc":{"start":{"line":112,"column":4},"end":{"line":112,"column":59}},"type":"if","locations":[{"start":{"line":112,"column":4},"end":{"line":112,"column":59}},{"start":{},"end":{}}],"line":112},"20":{"loc":{"start":{"line":115,"column":4},"end":{"line":122,"column":5}},"type":"if","locations":[{"start":{"line":115,"column":4},"end":{"line":122,"column":5}},{"start":{"line":118,"column":11},"end":{"line":122,"column":5}}],"line":115},"21":{"loc":{"start":{"line":118,"column":11},"end":{"line":122,"column":5}},"type":"if","locations":[{"start":{"line":118,"column":11},"end":{"line":122,"column":5}},{"start":{},"end":{}}],"line":118},"22":{"loc":{"start":{"line":120,"column":8},"end":{"line":120,"column":69}},"type":"if","locations":[{"start":{"line":120,"column":8},"end":{"line":120,"column":69}},{"start":{},"end":{}}],"line":120},"23":{"loc":{"start":{"line":121,"column":8},"end":{"line":121,"column":105}},"type":"if","locations":[{"start":{"line":121,"column":8},"end":{"line":121,"column":105}},{"start":{},"end":{}}],"line":121},"24":{"loc":{"start":{"line":124,"column":4},"end":{"line":126,"column":5}},"type":"if","locations":[{"start":{"line":124,"column":4},"end":{"line":126,"column":5}},{"start":{},"end":{}}],"line":124},"25":{"loc":{"start":{"line":124,"column":8},"end":{"line":124,"column":60}},"type":"binary-expr","locations":[{"start":{"line":124,"column":8},"end":{"line":124,"column":20}},{"start":{"line":124,"column":24},"end":{"line":124,"column":60}}],"line":124},"26":{"loc":{"start":{"line":129,"column":4},"end":{"line":129,"column":76}},"type":"if","locations":[{"start":{"line":129,"column":4},"end":{"line":129,"column":76}},{"start":{},"end":{}}],"line":129},"27":{"loc":{"start":{"line":234,"column":8},"end":{"line":234,"column":62}},"type":"if","locations":[{"start":{"line":234,"column":8},"end":{"line":234,"column":62}},{"start":{},"end":{}}],"line":234},"28":{"loc":{"start":{"line":237,"column":8},"end":{"line":241,"column":9}},"type":"if","locations":[{"start":{"line":237,"column":8},"end":{"line":241,"column":9}},{"start":{},"end":{}}],"line":237},"29":{"loc":{"start":{"line":238,"column":12},"end":{"line":238,"column":120}},"type":"if","locations":[{"start":{"line":238,"column":12},"end":{"line":238,"column":120}},{"start":{},"end":{}}],"line":238},"30":{"loc":{"start":{"line":243,"column":8},"end":{"line":250,"column":9}},"type":"if","locations":[{"start":{"line":243,"column":8},"end":{"line":250,"column":9}},{"start":{},"end":{}}],"line":243},"31":{"loc":{"start":{"line":245,"column":12},"end":{"line":245,"column":73}},"type":"if","locations":[{"start":{"line":245,"column":12},"end":{"line":245,"column":73}},{"start":{},"end":{}}],"line":245},"32":{"loc":{"start":{"line":246,"column":12},"end":{"line":246,"column":112}},"type":"if","locations":[{"start":{"line":246,"column":12},"end":{"line":246,"column":112}},{"start":{},"end":{}}],"line":246},"33":{"loc":{"start":{"line":247,"column":12},"end":{"line":247,"column":153}},"type":"if","locations":[{"start":{"line":247,"column":12},"end":{"line":247,"column":153}},{"start":{},"end":{}}],"line":247},"34":{"loc":{"start":{"line":253,"column":8},"end":{"line":256,"column":9}},"type":"if","locations":[{"start":{"line":253,"column":8},"end":{"line":256,"column":9}},{"start":{},"end":{}}],"line":253}},"s":{"0":4,"1":4,"2":3,"3":3,"4":1,"5":1,"6":1,"7":2,"8":2,"9":1,"10":2,"11":4,"12":4,"13":4,"14":4,"15":1,"16":3,"17":1,"18":2,"19":1,"20":1,"21":1,"22":0,"23":0,"24":1,"25":1,"26":3,"27":2,"28":2,"29":2,"30":1,"31":1,"32":1,"33":0,"34":0,"35":0,"36":0,"37":0,"38":1,"39":1,"40":1,"41":1,"42":0,"43":0,"44":0,"45":0,"46":0,"47":0,"48":0,"49":0,"50":0,"51":0,"52":0,"53":0,"54":0,"55":0,"56":0,"57":0,"58":0,"59":0,"60":0,"61":0,"62":0,"63":0,"64":0,"65":0,"66":0,"67":0,"68":0,"69":0,"70":0,"71":0,"72":0,"73":0,"74":0,"75":0,"76":0,"77":0,"78":0,"79":0,"80":0,"81":0,"82":0,"83":0,"84":0,"85":0,"86":0,"87":0,"88":0,"89":0,"90":0,"91":0,"92":0,"93":0,"94":0,"95":0,"96":0,"97":0,"98":0,"99":0,"100":0,"101":0,"102":0,"103":0,"104":0,"105":0,"106":0,"107":0,"108":0,"109":0,"110":0,"111":0},"f":{"0":4,"1":4,"2":2,"3":0,"4":0,"5":0,"6":0,"7":0,"8":0,"9":0},"b":{"0":[1,2],"1":[1,0],"2":[1,1],"3":[1,3],"4":[1,2],"5":[3,2],"6":[1,1],"7":[1,0],"8":[0,0],"9":[0,2],"10":[0,2],"11":[0,2],"12":[0,2],"13":[1,1],"14":[1,0],"15":[0,1],"16":[0,0],"17":[0,0],"18":[0,0],"19":[0,0],"20":[0,0],"21":[0,0],"22":[0,0],"23":[0,0],"24":[0,0],"25":[0,0],"26":[0,0],"27":[0,0],"28":[0,0],"29":[0,0],"30":[0,0],"31":[0,0],"32":[0,0],"33":[0,0],"34":[0,0]},"_coverageSchema":"1a1c01bbd47fc00a2c39e90264f33305004495a9","hash":"5820290e50bf26c9b09541d24533b2f635fdc73f"}
,"/home/vzucc/Documentos/coder/delivery-app/src/modules/order/order.repository.js": {"path":"/home/vzucc/Documentos/coder/delivery-app/src/modules/order/order.repository.js","statementMap":{"0":{"start":{"line":4,"column":4},"end":{"line":4,"column":26}},"1":{"start":{"line":4,"column":14},"end":{"line":4,"column":26}},"2":{"start":{"line":5,"column":21},"end":{"line":8,"column":5}},"3":{"start":{"line":9,"column":4},"end":{"line":9,"column":27}},"4":{"start":{"line":13,"column":4},"end":{"line":13,"column":21}},"5":{"start":{"line":13,"column":14},"end":{"line":13,"column":21}},"6":{"start":{"line":14,"column":14},"end":{"line":14,"column":26}},"7":{"start":{"line":15,"column":4},"end":{"line":19,"column":6}},"8":{"start":{"line":24,"column":14},"end":{"line":24,"column":26}},"9":{"start":{"line":25,"column":21},"end":{"line":31,"column":5}},"10":{"start":{"line":32,"column":4},"end":{"line":32,"column":27}},"11":{"start":{"line":37,"column":14},"end":{"line":37,"column":26}},"12":{"start":{"line":38,"column":21},"end":{"line":41,"column":5}},"13":{"start":{"line":42,"column":4},"end":{"line":42,"column":16}},"14":{"start":{"line":55,"column":14},"end":{"line":55,"column":28}},"15":{"start":{"line":57,"column":29},"end":{"line":63,"column":3}},"16":{"start":{"line":65,"column":21},"end":{"line":73,"column":6}},"17":{"start":{"line":75,"column":4},"end":{"line":75,"column":19}},"18":{"start":{"line":80,"column":4},"end":{"line":80,"column":61}},"19":{"start":{"line":80,"column":51},"end":{"line":80,"column":61}},"20":{"start":{"line":81,"column":14},"end":{"line":81,"column":26}},"21":{"start":{"line":82,"column":19},"end":{"line":82,"column":21}},"22":{"start":{"line":83,"column":25},"end":{"line":88,"column":6}},"23":{"start":{"line":84,"column":21},"end":{"line":84,"column":26}},"24":{"start":{"line":85,"column":8},"end":{"line":85,"column":75}},"25":{"start":{"line":87,"column":8},"end":{"line":87,"column":74}},"26":{"start":{"line":89,"column":18},"end":{"line":93,"column":3}},"27":{"start":{"line":94,"column":21},"end":{"line":94,"column":49}},"28":{"start":{"line":95,"column":4},"end":{"line":95,"column":16}},"29":{"start":{"line":99,"column":32},"end":{"line":105,"column":5}},"30":{"start":{"line":106,"column":18},"end":{"line":106,"column":30}},"31":{"start":{"line":107,"column":4},"end":{"line":107,"column":28}},"32":{"start":{"line":107,"column":16},"end":{"line":107,"column":28}},"33":{"start":{"line":109,"column":28},"end":{"line":112,"column":5}},"34":{"start":{"line":114,"column":4},"end":{"line":114,"column":28}},"35":{"start":{"line":118,"column":23},"end":{"line":118,"column":25}},"36":{"start":{"line":119,"column":17},"end":{"line":119,"column":19}},"37":{"start":{"line":120,"column":14},"end":{"line":120,"column":15}},"38":{"start":{"line":121,"column":4},"end":{"line":124,"column":5}},"39":{"start":{"line":122,"column":8},"end":{"line":122,"column":51}},"40":{"start":{"line":123,"column":8},"end":{"line":123,"column":31}},"41":{"start":{"line":125,"column":4},"end":{"line":128,"column":5}},"42":{"start":{"line":126,"column":8},"end":{"line":126,"column":49}},"43":{"start":{"line":127,"column":8},"end":{"line":127,"column":29}},"44":{"start":{"line":129,"column":18},"end":{"line":129,"column":78}},"45":{"start":{"line":130,"column":21},"end":{"line":134,"column":5}},"46":{"start":{"line":135,"column":4},"end":{"line":135,"column":16}},"47":{"start":{"line":140,"column":21},"end":{"line":140,"column":23}},"48":{"start":{"line":141,"column":17},"end":{"line":141,"column":19}},"49":{"start":{"line":142,"column":14},"end":{"line":142,"column":15}},"50":{"start":{"line":143,"column":4},"end":{"line":147,"column":5}},"51":{"start":{"line":144,"column":8},"end":{"line":144,"column":40}},"52":{"start":{"line":145,"column":8},"end":{"line":145,"column":29}},"53":{"start":{"line":146,"column":8},"end":{"line":146,"column":14}},"54":{"start":{"line":148,"column":4},"end":{"line":148,"column":38}},"55":{"start":{"line":148,"column":26},"end":{"line":148,"column":38}},"56":{"start":{"line":149,"column":4},"end":{"line":149,"column":24}},"57":{"start":{"line":150,"column":21},"end":{"line":153,"column":5}},"58":{"start":{"line":154,"column":4},"end":{"line":154,"column":19}}},"fnMap":{"0":{"name":"getIdempotency","decl":{"start":{"line":3,"column":22},"end":{"line":3,"column":36}},"loc":{"start":{"line":3,"column":42},"end":{"line":10,"column":1}},"line":3},"1":{"name":"saveIdempotency","decl":{"start":{"line":12,"column":22},"end":{"line":12,"column":37}},"loc":{"start":{"line":12,"column":96},"end":{"line":20,"column":1}},"line":12},"2":{"name":"getBranchInfo","decl":{"start":{"line":23,"column":22},"end":{"line":23,"column":35}},"loc":{"start":{"line":23,"column":62},"end":{"line":33,"column":1}},"line":23},"3":{"name":"getMenuItemsByIds","decl":{"start":{"line":36,"column":22},"end":{"line":36,"column":39}},"loc":{"start":{"line":36,"column":70},"end":{"line":43,"column":1}},"line":36},"4":{"name":"createOrder","decl":{"start":{"line":45,"column":22},"end":{"line":45,"column":33}},"loc":{"start":{"line":54,"column":2},"end":{"line":76,"column":1}},"line":54},"5":{"name":"createOrderItems","decl":{"start":{"line":79,"column":22},"end":{"line":79,"column":38}},"loc":{"start":{"line":79,"column":80},"end":{"line":96,"column":1}},"line":79},"6":{"name":"(anonymous_6)","decl":{"start":{"line":83,"column":44},"end":{"line":83,"column":45}},"loc":{"start":{"line":83,"column":55},"end":{"line":88,"column":5}},"line":83},"7":{"name":"getOrderById","decl":{"start":{"line":98,"column":22},"end":{"line":98,"column":34}},"loc":{"start":{"line":98,"column":46},"end":{"line":115,"column":1}},"line":98},"8":{"name":"listOrders","decl":{"start":{"line":117,"column":22},"end":{"line":117,"column":32}},"loc":{"start":{"line":117,"column":85},"end":{"line":136,"column":1}},"line":117},"9":{"name":"updateOrderTimestampsAndStatus","decl":{"start":{"line":138,"column":22},"end":{"line":138,"column":52}},"loc":{"start":{"line":138,"column":71},"end":{"line":155,"column":1}},"line":138}},"branchMap":{"0":{"loc":{"start":{"line":4,"column":4},"end":{"line":4,"column":26}},"type":"if","locations":[{"start":{"line":4,"column":4},"end":{"line":4,"column":26}},{"start":{},"end":{}}],"line":4},"1":{"loc":{"start":{"line":9,"column":11},"end":{"line":9,"column":26}},"type":"binary-expr","locations":[{"start":{"line":9,"column":11},"end":{"line":9,"column":18}},{"start":{"line":9,"column":22},"end":{"line":9,"column":26}}],"line":9},"2":{"loc":{"start":{"line":12,"column":81},"end":{"line":12,"column":94}},"type":"default-arg","locations":[{"start":{"line":12,"column":90},"end":{"line":12,"column":94}}],"line":12},"3":{"loc":{"start":{"line":13,"column":4},"end":{"line":13,"column":21}},"type":"if","locations":[{"start":{"line":13,"column":4},"end":{"line":13,"column":21}},{"start":{},"end":{}}],"line":13},"4":{"loc":{"start":{"line":14,"column":14},"end":{"line":14,"column":26}},"type":"binary-expr","locations":[{"start":{"line":14,"column":14},"end":{"line":14,"column":20}},{"start":{"line":14,"column":24},"end":{"line":14,"column":26}}],"line":14},"5":{"loc":{"start":{"line":23,"column":47},"end":{"line":23,"column":60}},"type":"default-arg","locations":[{"start":{"line":23,"column":56},"end":{"line":23,"column":60}}],"line":23},"6":{"loc":{"start":{"line":24,"column":14},"end":{"line":24,"column":26}},"type":"binary-expr","locations":[{"start":{"line":24,"column":14},"end":{"line":24,"column":20}},{"start":{"line":24,"column":24},"end":{"line":24,"column":26}}],"line":24},"7":{"loc":{"start":{"line":32,"column":11},"end":{"line":32,"column":26}},"type":"binary-expr","locations":[{"start":{"line":32,"column":11},"end":{"line":32,"column":18}},{"start":{"line":32,"column":22},"end":{"line":32,"column":26}}],"line":32},"8":{"loc":{"start":{"line":36,"column":55},"end":{"line":36,"column":68}},"type":"default-arg","locations":[{"start":{"line":36,"column":64},"end":{"line":36,"column":68}}],"line":36},"9":{"loc":{"start":{"line":37,"column":14},"end":{"line":37,"column":26}},"type":"binary-expr","locations":[{"start":{"line":37,"column":14},"end":{"line":37,"column":20}},{"start":{"line":37,"column":24},"end":{"line":37,"column":26}}],"line":37},"10":{"loc":{"start":{"line":52,"column":4},"end":{"line":52,"column":24}},"type":"default-arg","locations":[{"start":{"line":52,"column":13},"end":{"line":52,"column":24}}],"line":52},"11":{"loc":{"start":{"line":53,"column":4},"end":{"line":53,"column":17}},"type":"default-arg","locations":[{"start":{"line":53,"column":13},"end":{"line":53,"column":17}}],"line":53},"12":{"loc":{"start":{"line":55,"column":14},"end":{"line":55,"column":28}},"type":"binary-expr","locations":[{"start":{"line":55,"column":14},"end":{"line":55,"column":20}},{"start":{"line":55,"column":24},"end":{"line":55,"column":28}}],"line":55},"13":{"loc":{"start":{"line":79,"column":65},"end":{"line":79,"column":78}},"type":"default-arg","locations":[{"start":{"line":79,"column":74},"end":{"line":79,"column":78}}],"line":79},"14":{"loc":{"start":{"line":80,"column":4},"end":{"line":80,"column":61}},"type":"if","locations":[{"start":{"line":80,"column":4},"end":{"line":80,"column":61}},{"start":{},"end":{}}],"line":80},"15":{"loc":{"start":{"line":80,"column":8},"end":{"line":80,"column":49}},"type":"binary-expr","locations":[{"start":{"line":80,"column":8},"end":{"line":80,"column":23}},{"start":{"line":80,"column":27},"end":{"line":80,"column":49}}],"line":80},"16":{"loc":{"start":{"line":81,"column":14},"end":{"line":81,"column":26}},"type":"binary-expr","locations":[{"start":{"line":81,"column":14},"end":{"line":81,"column":20}},{"start":{"line":81,"column":24},"end":{"line":81,"column":26}}],"line":81},"17":{"loc":{"start":{"line":107,"column":4},"end":{"line":107,"column":28}},"type":"if","locations":[{"start":{"line":107,"column":4},"end":{"line":107,"column":28}},{"start":{},"end":{}}],"line":107},"18":{"loc":{"start":{"line":117,"column":59},"end":{"line":117,"column":69}},"type":"default-arg","locations":[{"start":{"line":117,"column":67},"end":{"line":117,"column":69}}],"line":117},"19":{"loc":{"start":{"line":117,"column":71},"end":{"line":117,"column":81}},"type":"default-arg","locations":[{"start":{"line":117,"column":80},"end":{"line":117,"column":81}}],"line":117},"20":{"loc":{"start":{"line":121,"column":4},"end":{"line":124,"column":5}},"type":"if","locations":[{"start":{"line":121,"column":4},"end":{"line":124,"column":5}},{"start":{},"end":{}}],"line":121},"21":{"loc":{"start":{"line":125,"column":4},"end":{"line":128,"column":5}},"type":"if","locations":[{"start":{"line":125,"column":4},"end":{"line":128,"column":5}},{"start":{},"end":{}}],"line":125},"22":{"loc":{"start":{"line":129,"column":18},"end":{"line":129,"column":78}},"type":"cond-expr","locations":[{"start":{"line":129,"column":38},"end":{"line":129,"column":73}},{"start":{"line":129,"column":76},"end":{"line":129,"column":78}}],"line":129},"23":{"loc":{"start":{"line":148,"column":4},"end":{"line":148,"column":38}},"type":"if","locations":[{"start":{"line":148,"column":4},"end":{"line":148,"column":38}},{"start":{},"end":{}}],"line":148}},"s":{"0":2,"1":0,"2":2,"3":2,"
[...]
,"/home/vzucc/Documentos/coder/delivery-app/src/modules/restaurant/restaurant.routes.js": {"path":"/home/vzucc/Documentos/coder/delivery-app/src/modules/restaurant/restaurant.routes.js","statementMap":{"0":{"start":{"line":5,"column":15},"end":{"line":5,"column":23}},"1":{"start":{"line":7,"column":0},"end":{"line":7,"column":78}},"2":{"start":{"line":8,"column":0},"end":{"line":8,"column":79}},"3":{"start":{"line":9,"column":0},"end":{"line":9,"column":82}},"4":{"start":{"line":10,"column":0},"end":{"line":10,"column":103}},"5":{"start":{"line":11,"column":0},"end":{"line":11,"column":99}}},"fnMap":{},"branchMap":{},"s":{"0":6,"1":6,"2":6,"3":6,"4":6,"5":6},"f":{},"b":{},"_coverageSchema":"1a1c01bbd47fc00a2c39e90264f33305004495a9","hash":"daefdbcfb2c8458b335c907963bbd2d64bd9b08d"}
,"/home/vzucc/Documentos/coder/delivery-app/src/modules/restaurant/restaurant.schema.js": {"path":"/home/vzucc/Documentos/coder/delivery-app/src/modules/restaurant/restaurant.schema.js","statementMap":{"0":{"start":{"line":3,"column":38},"end":{"line":7,"column":2}},"1":{"start":{"line":9,"column":38},"end":{"line":12,"column":2}},"2":{"start":{"line":14,"column":38},"end":{"line":19,"column":2}},"3":{"start":{"line":17,"column":26},"end":{"line":17,"column":53}},"4":{"start":{"line":21,"column":38},"end":{"line":21,"column":69}}},"fnMap":{"0":{"name":"(anonymous_0)","decl":{"start":{"line":17,"column":19},"end":{"line":17,"column":20}},"loc":{"start":{"line":17,"column":26},"end":{"line":17,"column":53}},"line":17}},"branchMap":{},"s":{"0":6,"1":6,"2":6,"3":0,"4":6},"f":{"0":0},"b":{},"_coverageSchema":"1a1c01bbd47fc00a2c39e90264f33305004495a9","hash":"d2b0f46c0b111e77c91b5730631f32fe0ba05bff"}
,"/home/vzucc/Documentos/coder/delivery-app/src/modules/user/user.controller.js": {"path":"/home/vzucc/Documentos/coder/delivery-app/src/modules/user/user.controller.js","statementMap":{"0":{"start":{"line":12,"column":4},"end":{"line":18,"column":5}},"1":{"start":{"line":13,"column":22},"end":{"line":13,"column":41}},"2":{"start":{"line":14,"column":28},"end":{"line":14,"column":69}},"3":{"start":{"line":14,"column":43},"end":{"line":14,"column":68}},"4":{"start":{"line":15,"column":8},"end":{"line":15,"column":66}},"5":{"start":{"line":17,"column":8},"end":{"line":17,"column":18}},"6":{"start":{"line":22,"column":4},"end":{"line":33,"column":5}},"7":{"start":{"line":23,"column":23},"end":{"line":23,"column":33}},"8":{"start":{"line":24,"column":21},"end":{"line":24,"column":42}},"9":{"start":{"line":26,"column":8},"end":{"line":26,"column":83}},"10":{"start":{"line":26,"column":19},"end":{"line":26,"column":83}},"11":{"start":{"line":28,"column":27},"end":{"line":28,"column":55}},"12":{"start":{"line":30,"column":8},"end":{"line":30,"column":58}},"13":{"start":{"line":32,"column":8},"end":{"line":32,"column":17}},"14":{"start":{"line":37,"column":4},"end":{"line":45,"column":5}},"15":{"start":{"line":38,"column":23},"end":{"line":38,"column":55}},"16":{"start":{"line":39,"column":8},"end":{"line":39,"column":131}},"17":{"start":{"line":39,"column":45},"end":{"line":39,"column":131}},"18":{"start":{"line":40,"column":21},"end":{"line":40,"column":68}},"19":{"start":{"line":41,"column":8},"end":{"line":41,"column":60}},"20":{"start":{"line":41,"column":19},"end":{"line":41,"column":60}},"21":{"start":{"line":42,"column":8},"end":{"line":42,"column":23}},"22":{"start":{"line":44,"column":8},"end":{"line":44,"column":18}},"23":{"start":{"line":49,"column":4},"end":{"line":54,"column":5}},"24":{"start":{"line":50,"column":21},"end":{"line":50,"column":70}},"25":{"start":{"line":51,"column":8},"end":{"line":51,"column":23}},"26":{"start":{"line":53,"column":8},"end":{"line":53,"column":18}},"27":{"start":{"line":58,"column":4},"end":{"line":63,"column":5}},"28":{"start":{"line":59,"column":21},"end":{"line":59,"column":69}},"29":{"start":{"line":60,"column":8},"end":{"line":60,"column":23}},"30":{"start":{"line":62,"column":8},"end":{"line":62,"column":18}}},"fnMap":{"0":{"name":"getUsers","decl":{"start":{"line":11,"column":22},"end":{"line":11,"column":30}},"loc":{"start":{"line":11,"column":47},"end":{"line":19,"column":1}},"line":11},"1":{"name":"(anonymous_1)","decl":{"start":{"line":14,"column":38},"end":{"line":14,"column":39}},"loc":{"start":{"line":14,"column":43},"end":{"line":14,"column":68}},"line":14},"2":{"name":"getUser","decl":{"start":{"line":21,"column":22},"end":{"line":21,"column":29}},"loc":{"start":{"line":21,"column":46},"end":{"line":34,"column":1}},"line":21},"3":{"name":"editUser","decl":{"start":{"line":36,"column":22},"end":{"line":36,"column":30}},"loc":{"start":{"line":36,"column":47},"end":{"line":46,"column":1}},"line":36},"4":{"name":"deactivateUser","decl":{"start":{"line":48,"column":22},"end":{"line":48,"column":36}},"loc":{"start":{"line":48,"column":53},"end":{"line":55,"column":1}},"line":48},"5":{"name":"reactivateUser","decl":{"start":{"line":57,"column":22},"end":{"line":57,"column":36}},"loc":{"start":{"line":57,"column":53},"end":{"line":64,"column":1}},"line":57}},"branchMap":{"0":{"loc":{"start":{"line":26,"column":8},"end":{"line":26,"column":83}},"type":"if","locations":[{"start":{"line":26,"column":8},"end":{"line":26,"column":83}},{"start":{},"end":{}}],"line":26},"1":{"loc":{"start":{"line":39,"column":8},"end":{"line":39,"column":131}},"type":"if","locations":[{"start":{"line":39,"column":8},"end":{"line":39,"column":131}},{"start":{},"end":{}}],"line":39},"2":{"loc":{"start":{"line":41,"column":8},"end":{"line":41,"column":60}},"type":"if","locations":[{"start":{"line":41,"column":8},"end":{"line":41,"column":60}},{"start":{},"end":{}}],"line":41}},"s":{"0":2,"1":2,"2":1,"3":2,"4":1,"5":1,"6":2,"7":2,"8":2,"9":2,"10":1,"11":1,"12":1,"13":0,"14":3,"15":3,"16":3,"17":1,"18":2,"19":2,"20":1,"21":1,"22":2,"23":1,"24":1,"25":1,"26":0,"27":1,"28":1,"29":1,"30":0},"f":{"0":2,"1":2,"2":2,"3":3,"4":1,"5":1},"b":{"0":[1,1],"1":[1,2],"2":[1,1]},"_coverageSchema":"1a1c01bbd47fc00a2c39e90264f33305004495a9","hash":"3453772aecd3adb85fa73247ab02f53d53dd9705"}
,"/home/vzucc/Documentos/coder/delivery-app/src/modules/user/user.repository.js": {"path":"/home/vzucc/Documentos/coder/delivery-app/src/modules/user/user.repository.js","statementMap":{"0":{"start":{"line":8,"column":16},"end":{"line":8,"column":95}},"1":{"start":{"line":9,"column":4},"end":{"line":9,"column":20}},"2":{"start":{"line":18,"column":16},"end":{"line":21,"column":13}},"3":{"start":{"line":22,"column":4},"end":{"line":22,"column":31}},"4":{"start":{"line":31,"column":16},"end":{"line":34,"column":5}},"5":{"start":{"line":36,"column":4},"end":{"line":36,"column":31}},"6":{"start":{"line":40,"column":20},"end":{"line":42,"column":19}},"7":{"start":{"line":41,"column":25},"end":{"line":41,"column":45}},"8":{"start":{"line":43,"column":19},"end":{"line":43,"column":49}},"9":{"start":{"line":45,"column":18},"end":{"line":50,"column":3}},"10":{"start":{"line":51,"column":21},"end":{"line":51,"column":52}},"11":{"start":{"line":52,"column":4},"end":{"line":52,"column":19}},"12":{"start":{"line":56,"column":21},"end":{"line":59,"column":5}},"13":{"start":{"line":60,"column":4},"end":{"line":60,"column":19}}},"fnMap":{"0":{"name":"getAllUsers","decl":{"start":{"line":7,"column":22},"end":{"line":7,"column":33}},"loc":{"start":{"line":7,"column":36},"end":{"line":10,"column":1}},"line":7},"1":{"name":"getUserById","decl":{"start":{"line":17,"column":22},"end":{"line":17,"column":33}},"loc":{"start":{"line":17,"column":38},"end":{"line":23,"column":1}},"line":17},"2":{"name":"getUserByEmail","decl":{"start":{"line":30,"column":22},"end":{"line":30,"column":36}},"loc":{"start":{"line":30,"column":44},"end":{"line":37,"column":1}},"line":30},"3":{"name":"updateUser","decl":{"start":{"line":39,"column":22},"end":{"line":39,"column":32}},"loc":{"start":{"line":39,"column":45},"end":{"line":53,"column":1}},"line":39},"4":{"name":"(anonymous_4)","decl":{"start":{"line":41,"column":13},"end":{"line":41,"column":14}},"loc":{"start":{"line":41,"column":25},"end":{"line":41,"column":45}},"line":41},"5":{"name":"setUserActive","decl":{"start":{"line":55,"column":22},"end":{"line":55,"column":35}},"loc":{"start":{"line":55,"column":48},"end":{"line":61,"column":1}},"line":55}},"branchMap":{"0":{"loc":{"start":{"line":22,"column":11},"end":{"line":22,"column":30}},"type":"binary-expr","locations":[{"start":{"line":22,"column":11},"end":{"line":22,"column":22}},{"start":{"line":22,"column":26},"end":{"line":22,"column":30}}],"line":22},"1":{"loc":{"start":{"line":36,"column":11},"end":{"line":36,"column":30}},"type":"binary-expr","locations":[{"start":{"line":36,"column":11},"end":{"line":36,"column":22}},{"start":{"line":36,"column":26},"end":{"line":36,"column":30}}],"line":36}},"s":{"0":0,"1":0,"2":0,"3":0,"4":0,"5":0,"6":0,"7":0,"8":0,"9":0,"10":0,"11":0,"12":0,"13":0},"f":{"0":0,"1":0,"2":0,"3":0,"4":0,"5":0},"b":{"0":[0,0],"1":[0,0]},"_coverageSchema":"1a1c01bbd47fc00a2c39e90264f33305004495a9","hash":"129b611078ecaabd190b08523c85aa974f06632c"}
,"/home/vzucc/Documentos/coder/delivery-app/src/modules/user/user.routes.js": {"path":"/home/vzucc/Documentos/coder/delivery-app/src/modules/user/user.routes.js","statementMap":{"0":{"start":{"line":7,"column":15},"end":{"line":7,"column":23}},"1":{"start":{"line":9,"column":0},"end":{"line":9,"column":70}},"2":{"start":{"line":10,"column":0},"end":{"line":10,"column":106}},"3":{"start":{"line":11,"column":0},"end":{"line":11,"column":110}},"4":{"start":{"line":12,"column":0},"end":{"line":12,"column":127}},"5":{"start":{"line":13,"column":0},"end":{"line":13,"column":127}}},"fnMap":{},"branchMap":{},"s":{"0":6,"1":6,"2":6,"3":6,"4":6,"5":6},"f":{},"b":{},"_coverageSchema":"1a1c01bbd47fc00a2c39e90264f33305004495a9","hash":"b39e985a7f8c32f84c7afb4f908410311581bf40"}
,"/home/vzucc/Documentos/coder/delivery-app/src/modules/user/user.schema.js": {"path":"/home/vzucc/Documentos/coder/delivery-app/src/modules/user/user.schema.js","statementMap":{"0":{"start":{"line":3,"column":28},"end":{"line":8,"column":6}},"1":{"start":{"line":10,"column":26},"end":{"line":22,"column":2}},"2":{"start":{"line":17,"column":26},"end":{"line":17,"column":38}},"3":{"start":{"line":20,"column":26},"end":{"line":20,"column":53}},"4":{"start":{"line":24,"column":32},"end":{"line":24,"column":72}},"5":{"start":{"line":25,"column":32},"end":{"line":25,"column":93}},"6":{"start":{"line":26,"column":36},"end":{"line":28,"column":2}},"7":{"start":{"line":30,"column":35},"end":{"line":37,"column":2}},"8":{"start":{"line":39,"column":32},"end":{"line":44,"column":2}},"9":{"start":{"line":47,"column":32},"end":{"line":65,"column":2}},"10":{"start":{"line":67,"column":33},"end":{"line":69,"column":2}},"11":{"start":{"line":68,"column":51},"end":{"line":68,"column":68}},"12":{"start":{"line":71,"column":32},"end":{"line":75,"column":2}}},"fnMap":{"0":{"name":"(anonymous_0)","decl":{"start":{"line":17,"column":19},"end":{"line":17,"column":20}},"loc":{"start":{"line":17,"column":26},"end":{"line":17,"column":38}},"line":17},"1":{"name":"(anonymous_1)","decl":{"start":{"line":20,"column":19},"end":{"line":20,"column":20}},"loc":{"start":{"line":20,"column":26},"end":{"line":20,"column":53}},"line":20},"2":{"name":"(anonymous_2)","decl":{"start":{"line":68,"column":44},"end":{"line":68,"column":45}},"loc":{"start":{"line":68,"column":51},"end":{"line":68,"column":68}},"line":68}},"branchMap":{},"s":{"0":6,"1":6,"2":6,"3":6,"4":6,"5":6,"6":6,"7":6,"8":6,"9":6,"10":6,"11":7,"12":6},"f":{"0":6,"1":6,"2":7},"b":{},"_coverageSchema":"1a1c01bbd47fc00a2c39e90264f33305004495a9","hash":"88fa6911e5b26d3d58e9b37d18fa4d6c34884e3a"}
,"/home/vzucc/Documentos/coder/delivery-app/src/utils/errors.js": {"path":"/home/vzucc/Documentos/coder/delivery-app/src/utils/errors.js","statementMap":{"0":{"start":{"line":3,"column":8},"end":{"line":3,"column":23}},"1":{"start":{"line":4,"column":8},"end":{"line":4,"column":37}},"2":{"start":{"line":5,"column":8},"end":{"line":5,"column":25}},"3":{"start":{"line":6,"column":8},"end":{"line":6,"column":56}},"4":{"start":{"line":12,"column":8},"end":{"line":12,"column":37}},"5":{"start":{"line":18,"column":8},"end":{"line":18,"column":41}},"6":{"start":{"line":24,"column":8},"end":{"line":24,"column":54}},"7":{"start":{"line":25,"column":8},"end":{"line":25,"column":31}},"8":{"start":{"line":31,"column":8},"end":{"line":31,"column":40}}},"fnMap":{"0":{"name":"(anonymous_0)","decl":{"start":{"line":2,"column":4},"end":{"line":2,"column":5}},"loc":{"start":{"line":2,"column":57},"end":{"line":7,"column":5}},"line":2},"1":{"name":"(anonymous_1)","decl":{"start":{"line":11,"column":4},"end":{"line":11,"column":5}},"loc":{"start":{"line":11,"column":54},"end":{"line":13,"column":5}},"line":11},"2":{"name":"(anonymous_2)","decl":{"start":{"line":17,"column":4},"end":{"line":17,"column":5}},"loc":{"start":{"line":17,"column":48},"end":{"line":19,"column":5}},"line":17},"3":{"name":"(anonymous_3)","decl":{"start":{"line":23,"column":4},"end":{"line":23,"column":5}},"loc":{"start":{"line":23,"column":25},"end":{"line":26,"column":5}},"line":23},"4":{"name":"(anonymous_4)","decl":{"start":{"line":30,"column":4},"end":{"line":30,"column":5}},"loc":{"start":{"line":30,"column":38},"end":{"line":32,"column":5}},"line":30}},"branchMap":{"0":{"loc":{"start":{"line":2,"column":25},"end":{"line":2,"column":41}},"type":"default-arg","locations":[{"start":{"line":2,"column":38},"end":{"line":2,"column":41}}],"line":2},"1":{"loc":{"start":{"line":2,"column":43},"end":{"line":2,"column":55}},"type":"default-arg","locations":[{"start":{"line":2,"column":50},"end":{"line":2,"column":55}}],"line":2},"2":{"loc":{"start":{"line":11,"column":16},"end":{"line":11,"column":40}},"type":"default-arg","locations":[{"start":{"line":11,"column":26},"end":{"line":11,"column":40}}],"line":11},"3":{"loc":{"start":{"line":11,"column":42},"end":{"line":11,"column":52}},"type":"default-arg","locations":[{"start":{"line":11,"column":49},"end":{"line":11,"column":52}}],"line":11},"4":{"loc":{"start":{"line":17,"column":16},"end":{"line":17,"column":46}},"type":"default-arg","locations":[{"start":{"line":17,"column":26},"end":{"line":17,"column":46}}],"line":17},"5":{"loc":{"start":{"line":30,"column":16},"end":{"line":30,"column":36}},"type":"default-arg","locations":[{"start":{"line":30,"column":26},"end":{"line":30,"column":36}}],"line":30}},"s":{"0":25,"1":25,"2":25,"3":25,"4":4,"5":9,"6":3,"7":3,"8":1},"f":{"0":25,"1":4,"2":9,"3":3,"4":1},"b":{"0":[0],"1":[1],"2":[0],"3":[4],"4":[0],"5":[0]},"_coverageSchema":"1a1c01bbd47fc00a2c39e90264f33305004495a9","hash":"8eea0b0fa6559d772ef770cde5ac10cac4d1353b"}
,"/home/vzucc/Documentos/coder/delivery-app/src/utils/jwt.js": {"path":"/home/vzucc/Documentos/coder/delivery-app/src/utils/jwt.js","statementMap":{"0":{"start":{"line":3,"column":4},"end":{"line":7,"column":29}},"1":{"start":{"line":12,"column":4},"end":{"line":12,"column":52}},"2":{"start":{"line":13,"column":4},"end":{"line":13,"column":38}},"3":{"start":{"line":13,"column":27},"end":{"line":13,"column":38}},"4":{"start":{"line":14,"column":4},"end":{"line":14,"column":49}},"5":{"start":{"line":19,"column":15},"end":{"line":19,"column":58}},"6":{"start":{"line":22,"column":19},"end":{"line":22,"column":47}},"7":{"start":{"line":23,"column":16},"end":{"line":23,"column":60}},"8":{"start":{"line":24,"column":27},"end":{"line":24,"column":46}},"9":{"start":{"line":26,"column":26},"end":{"line":26,"column":65}},"10":{"start":{"line":27,"column":27},"end":{"line":27,"column":74}},"11":{"start":{"line":29,"column":22},"end":{"line":35,"column":28}},"12":{"start":{"line":37,"column":4},"end":{"line":37,"column":61}},"13":{"start":{"line":41,"column":55},"end":{"line":41,"column":71}},"14":{"start":{"line":42,"column":4},"end":{"line":42,"column":69}},"15":{"start":{"line":42,"column":57},"end":{"line":42,"column":69}},"16":{"start":{"line":44,"column":24},"end":{"line":50,"column":28}},"17":{"start":{"line":52,"column":4},"end":{"line":52,"column":47}},"18":{"start":{"line":52,"column":35},"end":{"line":52,"column":47}},"19":{"start":{"line":54,"column":20},"end":{"line":54,"column":63}},"20":{"start":{"line":55,"column":4},"end":{"line":55,"column":68}},"21":{"start":{"line":55,"column":56},"end":{"line":55,"column":68}},"22":{"start":{"line":57,"column":4},"end":{"line":57,"column":19}},"23":{"start":{"line":61,"column":25},"end":{"line":61,"column":63}},"24":{"start":{"line":62,"column":24},"end":{"line":62,"column":56}},"25":{"start":{"line":64,"column":4},"end":{"line":64,"column":40}}},"fnMap":{"0":{"name":"base64UrlEncode","decl":{"start":{"line":2,"column":9},"end":{"line":2,"column":24}},"loc":{"start":{"line":2,"column":30},"end":{"line":9,"column":1}},"line":2},"1":{"name":"base64UrlDecode","decl":{"start":{"line":11,"column":9},"end":{"line":11,"column":24}},"loc":{"start":{"line":11,"column":30},"end":{"line":15,"column":1}},"line":11},"2":{"name":"signJwt","decl":{"start":{"line":21,"column":16},"end":{"line":21,"column":23}},"loc":{"start":{"line":21,"column":53},"end":{"line":38,"column":1}},"line":21},"3":{"name":"verifyJwt","decl":{"start":{"line":40,"column":16},"end":{"line":40,"column":25}},"loc":{"start":{"line":40,"column":33},"end":{"line":58,"column":1}},"line":40},"4":{"name":"createTokens","decl":{"start":{"line":60,"column":16},"end":{"line":60,"column":28}},"loc":{"start":{"line":60,"column":44},"end":{"line":65,"column":1}},"line":60}},"branchMap":{"0":{"loc":{"start":{"line":19,"column":15},"end":{"line":19,"column":58}},"type":"binary-expr","locations":[{"start":{"line":19,"column":15},"end":{"line":19,"column":37}},{"start":{"line":19,"column":41},"end":{"line":19,"column":58}}],"line":19},"1":{"loc":{"start":{"line":21,"column":33},"end":{"line":21,"column":51}},"type":"default-arg","locations":[{"start":{"line":21,"column":48},"end":{"line":21,"column":51}}],"line":21},"2":{"loc":{"start":{"line":42,"column":4},"end":{"line":42,"column":69}},"type":"if","locations":[{"start":{"line":42,"column":4},"end":{"line":42,"column":69}},{"start":{},"end":{}}],"line":42},"3":{"loc":{"start":{"line":42,"column":8},"end":{"line":42,"column":55}},"type":"binary-expr","locations":[{"start":{"line":42,"column":8},"end":{"line":42,"column":22}},{"start":{"line":42,"column":26},"end":{"line":42,"column":41}},{"start":{"line":42,"column":45},"end":{"line":42,"column":55}}],"line":42},"4":{"loc":{"start":{"line":52,"column":4},"end":{"line":52,"column":47}},"type":"if","locations":[{"start":{"line":52,"column":4},"end":{"line":52,"column":47}},{"start":{},"end":{}}],"line":52},"5":{"loc":{"start":{"line":55,"column":4},"end":{"line":55,"column":68}},"type":"if","locations":[{"start":{"line":55,"column":4},"end":{"line":55,"column":68}},{"start":{},"end":{}}],"line":55},"6":{"loc":{"start":{"line":55,"column":8},"end":{"line":55,"column":54}},"type":"binary-expr","locations":[{"start":{"line":55,"column":8},"end":{"line":55,"column":19}},{"start":{"line":55,"column":23},"end":{"line":55,"column":54}}],"line":55}},"s":{"0":12,"1":37,"2":37,"3":2,"4":37,"5":6,"6":6,"7":6,"8":6,"9":6,"10":6,"11":6,"12":6,"13":37,"14":37,"15":0,"16":37,"17":37,"18":0,"19":37,"20":37,"21":0,"22":37,"23":6,"24":6,"25":6},"f":{"0":12,"1":37,"2":6,"3":37,"4":6},"b":{"0":[6,0],"1":[0],"2":[0,37],"3":[37,37,37],"4":[0,37],"5":[0,37],"6":[37,37]},"_coverageSchema":"1a1c01bbd47fc00a2c39e90264f33305004495a9","hash":"90a587ab964dfc235df3ab34694dcb8d9490ed9c"}
}
