TN:
SF:src/app.js
FN:30,(anonymous_0)
FNF:1
FNH:1
FNDA:1,(anonymous_0)
DA:4,6
DA:8,6
DA:9,6
DA:10,6
DA:15,6
DA:24,6
DA:25,6
DA:26,6
DA:27,6
DA:28,6
DA:30,6
DA:31,1
DA:34,6
LF:13
LH:13
BRF:0
BRH:0
end_of_record
TN:
SF:src/config/db.js
FN:22,testConnection
FNF:1
FNH:0
FNDA:0,testConnection
DA:3,10
DA:5,10
DA:23,0
DA:24,0
DA:25,0
DA:27,0
LF:6
LH:2
BRF:0
BRH:0
end_of_record
TN:
SF:src/docs/swagger.js
FNF:0
FNH:0
DA:15,6
LF:1
LH:1
BRF:0
BRH:0
end_of_record
TN:
SF:src/middlewares/authMiddleware.js
FN:4,(anonymous_0)
FN:18,(anonymous_1)
FN:19,(anonymous_2)
FNF:3
FNH:3
FNDA:37,(anonymous_0)
FNDA:132,(anonymous_1)
FNDA:30,(anonymous_2)
DA:4,6
DA:5,37
DA:6,37
DA:8,37
DA:11,37
DA:12,37
DA:13,37
DA:14,37
DA:18,6
DA:19,132
DA:20,30
DA:21,30
DA:22,0
DA:24,30
LF:14
LH:13
BRDA:6,0,0,37
BRDA:6,0,1,37
BRDA:8,1,0,0
BRDA:8,1,1,37
BRDA:12,2,0,0
BRDA:12,2,1,37
BRDA:20,3,0,0
BRDA:20,3,1,30
BRDA:21,4,0,0
BRDA:21,4,1,30
BRF:10
BRH:6
end_of_record
TN:
SF:src/middlewares/errorHandler.js
FN:4,errorHandler
FN:9,(anonymous_1)
FNF:2
FNH:1
FNDA:24,errorHandler
FNDA:0,(anonymous_1)
DA:8,24
DA:9,2
DA:14,2
DA:16,2
DA:27,22
DA:28,20
DA:39,2
DA:40,0
DA:41,0
DA:43,0
DA:44,0
DA:46,0
DA:47,0
DA:49,0
DA:59,2
LF:15
LH:8
BRDA:8,0,0,2
BRDA:8,0,1,22
BRDA:9,1,0,2
BRDA:9,1,1,2
BRDA:27,2,0,20
BRDA:27,2,1,2
BRDA:32,3,0,1
BRDA:32,3,1,19
BRDA:39,4,0,0
BRDA:39,4,1,2
BRDA:41,5,0,0
BRDA:41,5,1,0
BRDA:59,6,0,2
BRDA:59,6,1,2
BRDA:61,7,0,2
BRDA:61,7,1,2
BRDA:62,8,0,2
BRDA:62,8,1,0
BRDA:63,9,0,0
BRDA:63,9,1,2
BRF:20
BRH:15
end_of_record
TN:
SF:src/middlewares/validate.js
FN:1,validateParams
FN:2,(anonymous_1)
FNF:2
FNH:2
FNDA:66,validateParams
FNDA:12,(anonymous_1)
DA:2,66
DA:3,12
DA:4,12
DA:5,11
DA:7,1
LF:5
LH:5
BRF:0
BRH:0
end_of_record
TN:
SF:src/modules/auth/auth.controller.js
FN:8,registerUser
FN:35,(anonymous_1)
FN:54,(anonymous_2)
FN:76,(anonymous_3)
FNF:4
FNH:4
FNDA:3,registerUser
FNDA:3,(anonymous_1)
FNDA:3,(anonymous_2)
FNDA:2,(anonymous_3)
DA:9,3
DA:10,3
DA:13,2
DA:14,2
DA:16,1
DA:20,1
DA:21,1
DA:24,1
DA:25,1
DA:28,1
DA:30,2
DA:35,6
DA:36,3
DA:38,3
DA:39,3
DA:42,1
DA:44,1
DA:51,1
DA:54,6
DA:55,3
DA:56,3
DA:60,2
DA:61,2
DA:62,1
DA:66,1
DA:73,1
DA:76,6
DA:77,2
DA:79,2
DA:81,1
DA:85,2
DA:91,2
LF:32
LH:32
BRDA:14,0,0,1
BRDA:14,0,1,1
BRDA:20,1,0,1
BRDA:20,1,1,1
BRDA:39,2,0,2
BRDA:39,2,1,1
BRDA:56,3,0,1
BRDA:56,3,1,2
BRDA:61,4,0,1
BRDA:61,4,1,1
BRDA:79,5,0,1
BRDA:79,5,1,1
BRF:12
BRH:12
end_of_record
TN:
SF:src/modules/auth/auth.repository.js
FN:12,createUser
FN:31,authenticateUser
FN:44,createNewTokens
FN:65,validateAndRotateToken
FN:94,revokeRefreshToken
FNF:5
FNH:1
FNDA:0,createUser
FNDA:3,authenticateUser
FNDA:0,createNewTokens
FNDA:0,validateAndRotateToken
FNDA:0,revokeRefreshToken
DA:13,0
DA:15,0
DA:22,0
DA:32,3
DA:33,3
DA:34,2
DA:36,2
DA:46,0
DA:48,0
DA:51,0
DA:57,0
DA:66,0
DA:70,0
DA:71,0
DA:74,0
DA:75,0
DA:77,0
DA:78,0
DA:82,0
DA:88,0
DA:95,0
LF:21
LH:4
BRDA:33,0,0,1
BRDA:33,0,1,2
BRDA:36,1,0,1
BRDA:36,1,1,1
BRDA:71,2,0,0
BRDA:71,2,1,0
BRDA:75,3,0,0
BRDA:75,3,1,0
BRF:8
BRH:4
end_of_record
TN:
SF:src/modules/auth/auth.routes.js
FNF:0
FNH:0
DA:4,6
DA:6,6
DA:7,6
DA:8,6
DA:9,6
LF:5
LH:5
BRF:0
BRH:0
end_of_record
TN:
SF:src/modules/branch/branch.controller.js
FN:7,createBranch
FN:25,createMenuWithItems
FN:46,(anonymous_2)
FN:51,getMenusWithItems
FN:64,updateBranch
FN:85,editMenu
FN:118,(anonymous_6)
FN:129,toggleBranchActive
FN:152,toggleMenuActive
FNF:9
FNH:6
FNDA:3,createBranch
FNDA:1,createMenuWithItems
FNDA:0,(anonymous_2)
FNDA:1,getMenusWithItems
FNDA:2,updateBranch
FNDA:5,editMenu
FNDA:1,(anonymous_6)
FNDA:0,toggleBranchActive
FNDA:0,toggleMenuActive
DA:8,3
DA:9,3
DA:12,3
DA:13,3
DA:14,2
DA:15,1
DA:18,1
DA:19,1
DA:21,2
DA:26,1
DA:27,1
DA:28,1
DA:31,1
DA:32,1
DA:33,1
DA:34,0
DA:39,1
DA:40,1
DA:41,1
DA:42,1
DA:44,1
DA:46,0
DA:47,0
DA:52,1
DA:53,1
DA:55,1
DA:56,1
DA:58,1
DA:60,0
DA:65,2
DA:66,2
DA:67,2
DA:68,2
DA:71,2
DA:72,2
DA:73,2
DA:74,1
DA:77,1
DA:79,1
DA:81,1
DA:86,5
DA:90,5
DA:91,5
DA:93,5
DA:96,4
DA:97,4
DA:98,3
DA:99,1
DA:102,2
DA:103,2
DA:106,2
DA:109,1
DA:112,1
DA:114,1
DA:116,1
DA:118,4
DA:119,4
DA:120,0
DA:122,4
DA:125,5
DA:130,0
DA:131,0
DA:132,0
DA:134,0
DA:135,0
DA:139,0
DA:140,0
DA:141,0
DA:142,0
DA:145,0
DA:146,0
DA:148,0
DA:153,0
DA:154,0
DA:155,0
DA:157,0
DA:158,0
DA:162,0
DA:163,0
DA:164,0
DA:165,0
DA:168,0
DA:169,0
DA:171,0
LF:84
LH:55
BRDA:13,0,0,1
BRDA:13,0,1,2
BRDA:14,1,0,1
BRDA:14,1,1,1
BRDA:32,2,0,0
BRDA:32,2,1,1
BRDA:33,3,0,0
BRDA:33,3,1,1
BRDA:56,4,0,0
BRDA:56,4,1,1
BRDA:68,5,0,0
BRDA:68,5,1,2
BRDA:72,6,0,0
BRDA:72,6,1,2
BRDA:73,7,0,1
BRDA:73,7,1,1
BRDA:93,8,0,1
BRDA:93,8,1,4
BRDA:93,9,0,5
BRDA:93,9,1,1
BRDA:93,9,2,1
BRDA:93,9,3,1
BRDA:97,10,0,1
BRDA:97,10,1,3
BRDA:98,11,0,1
BRDA:98,11,1,2
BRDA:106,12,0,2
BRDA:106,12,1,0
BRDA:109,13,0,0
BRDA:109,13,1,1
BRDA:118,14,0,1
BRDA:118,14,1,3
BRDA:119,15,0,0
BRDA:119,15,1,4
BRDA:125,16,0,2
BRDA:125,16,1,3
BRDA:134,17,0,0
BRDA:134,17,1,0
BRDA:140,18,0,0
BRDA:140,18,1,0
BRDA:141,19,0,0
BRDA:141,19,1,0
BRDA:157,20,0,0
BRDA:157,20,1,0
BRDA:163,21,0,0
BRDA:163,21,1,0
BRDA:164,22,0,0
BRDA:164,22,1,0
BRF:48
BRH:28
end_of_record
TN:
SF:src/modules/branch/branch.repository.js
FN:3,createBranch
FN:14,getBranchById
FN:22,createMenu
FN:33,createMenuItems
FN:37,(anonymous_4)
FN:55,getBranchWithOwner
FN:65,getAllMenusByBranch
FN:75,(anonymous_7)
FN:85,(anonymous_8)
FN:89,(anonymous_9)
FN:97,updateBranch
FN:120,updateMenu
FN:144,deleteMenuItems
FN:151,getMenuOwners
FNF:14
FNH:14
FNDA:1,createBranch
FNDA:2,getBranchById
FNDA:1,createMenu
FNDA:2,createMenuItems
FNDA:2,(anonymous_4)
FNDA:1,getBranchWithOwner
FNDA:2,getAllMenusByBranch
FNDA:1,(anonymous_7)
FNDA:1,(anonymous_8)
FNDA:1,(anonymous_9)
FNDA:2,updateBranch
FNDA:2,updateMenu
FNDA:2,deleteMenuItems
FNDA:2,getMenuOwners
DA:4,1
DA:9,1
DA:10,1
DA:11,1
DA:15,2
DA:19,2
DA:23,1
DA:28,1
DA:29,1
DA:34,2
DA:36,1
DA:37,1
DA:38,2
DA:39,2
DA:40,2
DA:43,1
DA:49,1
DA:51,1
DA:52,1
DA:56,1
DA:62,1
DA:66,2
DA:74,2
DA:75,1
DA:76,1
DA:84,1
DA:85,1
DA:86,1
DA:87,1
DA:89,1
DA:94,1
DA:98,2
DA:99,2
DA:100,2
DA:102,2
DA:103,8
DA:104,2
DA:105,2
DA:106,2
DA:110,2
DA:112,1
DA:113,1
DA:117,1
DA:121,2
DA:122,2
DA:123,2
DA:125,2
DA:126,4
DA:127,2
DA:128,2
DA:129,2
DA:133,2
DA:135,1
DA:136,1
DA:137,1
DA:141,1
DA:145,2
DA:146,1
DA:147,1
DA:152,2
DA:160,2
LF:61
LH:61
BRDA:33,0,0,2
BRDA:34,1,0,1
BRDA:34,1,1,1
BRDA:34,2,0,2
BRDA:34,2,1,2
BRDA:39,3,0,2
BRDA:39,3,1,2
BRDA:39,4,0,2
BRDA:39,4,1,2
BRDA:49,5,0,1
BRDA:49,5,1,1
BRDA:74,6,0,1
BRDA:74,6,1,1
BRDA:86,7,0,1
BRDA:86,7,1,0
BRDA:91,8,0,1
BRDA:91,8,1,0
BRDA:103,9,0,2
BRDA:103,9,1,6
BRDA:110,10,0,1
BRDA:110,10,1,1
BRDA:120,11,0,2
BRDA:126,12,0,2
BRDA:126,12,1,2
BRDA:133,13,0,1
BRDA:133,13,1,1
BRDA:136,14,0,1
BRDA:136,14,1,1
BRDA:144,15,0,2
BRDA:145,16,0,1
BRDA:145,16,1,1
BRDA:146,17,0,1
BRDA:146,17,1,1
BRF:33
BRH:31
end_of_record
TN:
SF:src/modules/branch/branch.routes.js
FNF:0
FNH:0
DA:5,6
DA:7,6
DA:8,6
DA:9,6
DA:10,6
DA:11,6
DA:12,6
DA:13,6
LF:8
LH:8
BRF:0
BRH:0
end_of_record
TN:
SF:src/modules/branch/branch.schema.js
FN:23,(anonymous_0)
FN:57,(anonymous_1)
FNF:2
FNH:1
FNDA:1,(anonymous_0)
FNDA:0,(anonymous_1)
DA:3,6
DA:9,6
DA:16,6
DA:23,1
DA:27,6
DA:31,6
DA:38,6
DA:43,6
DA:50,6
DA:57,0
DA:61,6
LF:11
LH:10
BRF:0
BRH:0
end_of_record
TN:
SF:src/modules/order/order.controller.js
FN:9,createOrder
FN:49,getOrder
FN:74,listOrders
FN:109,changeStatusIfAllowed
FN:136,acceptOrder
FN:155,markPrepared
FN:172,markSent
FN:189,markDelivered
FN:206,markPaid
FN:227,cancelOrder
FNF:10
FNH:3
FNDA:4,createOrder
FNDA:4,getOrder
FNDA:2,listOrders
FNDA:0,changeStatusIfAllowed
FNDA:0,acceptOrder
FNDA:0,markPrepared
FNDA:0,markSent
FNDA:0,markDelivered
FNDA:0,markPaid
FNDA:0,cancelOrder
DA:10,4
DA:11,4
DA:12,3
DA:16,3
DA:17,1
DA:18,1
DA:20,1
DA:27,2
DA:30,2
DA:38,1
DA:44,2
DA:50,4
DA:51,4
DA:52,4
DA:53,4
DA:56,3
DA:57,1
DA:59,2
DA:61,1
DA:62,1
DA:63,0
DA:66,1
DA:67,1
DA:69,3
DA:75,2
DA:76,2
DA:84,2
DA:85,1
DA:86,1
DA:88,1
DA:89,0
DA:90,0
DA:91,0
DA:94,1
DA:98,1
DA:99,1
DA:101,1
DA:111,0
DA:112,0
DA:115,0
DA:118,0
DA:119,0
DA:120,0
DA:121,0
DA:124,0
DA:125,0
DA:128,0
DA:129,0
DA:131,0
DA:132,0
DA:137,0
DA:138,0
DA:140,0
DA:148,0
DA:150,0
DA:156,0
DA:157,0
DA:158,0
DA:165,0
DA:167,0
DA:173,0
DA:174,0
DA:175,0
DA:182,0
DA:184,0
DA:190,0
DA:191,0
DA:192,0
DA:199,0
DA:201,0
DA:207,0
DA:208,0
DA:210,0
DA:218,0
DA:219,0
DA:220,0
DA:222,0
DA:228,0
DA:229,0
DA:233,0
DA:234,0
DA:235,0
DA:237,0
DA:238,0
DA:239,0
DA:240,0
DA:243,0
DA:244,0
DA:245,0
DA:246,0
DA:247,0
DA:248,0
DA:249,0
DA:253,0
DA:254,0
DA:255,0
DA:258,0
DA:260,0
LF:98
LH:33
BRDA:16,0,0,1
BRDA:16,0,1,2
BRDA:18,1,0,1
BRDA:18,1,1,0
BRDA:18,2,0,1
BRDA:18,2,1,1
BRDA:53,3,0,1
BRDA:53,3,1,3
BRDA:56,4,0,1
BRDA:56,4,1,2
BRDA:56,5,0,3
BRDA:56,5,1,2
BRDA:59,6,0,1
BRDA:59,6,1,1
BRDA:62,7,0,1
BRDA:62,7,1,0
BRDA:63,8,0,0
BRDA:63,8,1,0
BRDA:77,9,0,0
BRDA:77,9,1,2
BRDA:78,10,0,0
BRDA:78,10,1,2
BRDA:79,11,0,0
BRDA:79,11,1,2
BRDA:80,12,0,0
BRDA:80,12,1,2
BRDA:84,13,0,1
BRDA:84,13,1,1
BRDA:86,14,0,1
BRDA:86,14,1,0
BRDA:88,15,0,0
BRDA:88,15,1,1
BRDA:90,16,0,0
BRDA:90,16,1,0
BRDA:91,17,0,0
BRDA:91,17,1,0
BRDA:111,18,0,0
BRDA:111,18,1,0
BRDA:112,19,0,0
BRDA:112,19,1,0
BRDA:115,20,0,0
BRDA:115,20,1,0
BRDA:118,21,0,0
BRDA:118,21,1,0
BRDA:120,22,0,0
BRDA:120,22,1,0
BRDA:121,23,0,0
BRDA:121,23,1,0
BRDA:124,24,0,0
BRDA:124,24,1,0
BRDA:124,25,0,0
BRDA:124,25,1,0
BRDA:129,26,0,0
BRDA:129,26,1,0
BRDA:234,27,0,0
BRDA:234,27,1,0
BRDA:237,28,0,0
BRDA:237,28,1,0
BRDA:238,29,0,0
BRDA:238,29,1,0
BRDA:243,30,0,0
BRDA:243,30,1,0
BRDA:245,31,0,0
BRDA:245,31,1,0
BRDA:246,32,0,0
BRDA:246,32,1,0
BRDA:247,33,0,0
BRDA:247,33,1,0
BRDA:253,34,0,0
BRDA:253,34,1,0
BRF:70
BRH:22
end_of_record
TN:
SF:src/modules/order/order.repository.js
FN:3,getIdempotency
FN:12,saveIdempotency
FN:23,getBranchInfo
FN:36,getMenuItemsByIds
FN:45,createOrder
FN:79,createOrderItems
FN:83,(anonymous_6)
FN:98,getOrderById
FN:117,listOrders
FN:138,updateOrderTimestampsAndStatus
FNF:10
FNH:7
FNDA:2,getIdempotency
FNDA:1,saveIdempotency
FNDA:0,getBranchInfo
FNDA:1,getMenuItemsByIds
FNDA:0,createOrder
FNDA:2,createOrderItems
FNDA:2,(anonymous_6)
FNDA:2,getOrderById
FNDA:2,listOrders
FNDA:0,updateOrderTimestampsAndStatus
DA:4,2
DA:5,2
DA:9,2
DA:13,1
DA:14,1
DA:15,1
DA:24,0
DA:25,0
DA:32,0
DA:37,1
DA:38,1
DA:42,1
DA:55,0
DA:57,0
DA:65,0
DA:75,0
DA:80,2
DA:81,1
DA:82,1
DA:83,1
DA:84,2
DA:85,2
DA:87,2
DA:89,1
DA:94,1
DA:95,1
DA:99,2
DA:106,2
DA:107,2
DA:109,1
DA:114,1
DA:118,2
DA:119,2
DA:120,2
DA:121,2
DA:122,1
DA:123,1
DA:125,2
DA:126,1
DA:127,1
DA:129,2
DA:130,2
DA:135,2
DA:140,0
DA:141,0
DA:142,0
DA:143,0
DA:144,0
DA:145,0
DA:146,0
DA:148,0
DA:149,0
DA:150,0
DA:154,0
LF:54
LH:36
BRDA:4,0,0,0
BRDA:4,0,1,2
BRDA:9,1,0,2
BRDA:9,1,1,1
BRDA:12,2,0,1
BRDA:13,3,0,0
BRDA:13,3,1,1
BRDA:14,4,0,1
BRDA:14,4,1,1
BRDA:23,5,0,0
BRDA:24,6,0,0
BRDA:24,6,1,0
BRDA:32,7,0,0
BRDA:32,7,1,0
BRDA:36,8,0,1
BRDA:37,9,0,1
BRDA:37,9,1,1
BRDA:52,10,0,0
BRDA:53,11,0,0
BRDA:55,12,0,0
BRDA:55,12,1,0
BRDA:79,13,0,2
BRDA:80,14,0,1
BRDA:80,14,1,1
BRDA:80,15,0,2
BRDA:80,15,1,2
BRDA:81,16,0,1
BRDA:81,16,1,1
BRDA:107,17,0,1
BRDA:107,17,1,1
BRDA:117,18,0,1
BRDA:117,19,0,1
BRDA:121,20,0,1
BRDA:121,20,1,1
BRDA:125,21,0,1
BRDA:125,21,1,1
BRDA:129,22,0,1
BRDA:129,22,1,1
BRDA:148,23,0,0
BRDA:148,23,1,0
BRF:40
BRH:27
end_of_record
TN:
SF:src/modules/order/order.routes.js
FNF:0
FNH:0
DA:17,6
DA:20,6
DA:23,6
DA:24,6
DA:27,6
DA:28,6
DA:29,6
DA:30,6
DA:31,6
DA:32,6
LF:10
LH:10
BRF:0
BRH:0
end_of_record
TN:
SF:src/modules/order/order.schema.js
FNF:0
FNH:0
DA:3,6
DA:8,6
DA:15,6
DA:23,6
DA:29,6
DA:37,6
DA:60,6
DA:63,6
LF:8
LH:8
BRF:0
BRH:0
end_of_record
TN:
SF:src/modules/order/queue.js
FN:13,computeEstimatedReadyInterval
FN:22,(anonymous_1)
FN:35,(anonymous_2)
FN:51,(anonymous_3)
FN:88,(anonymous_4)
FNF:5
FNH:0
FNDA:0,computeEstimatedReadyInterval
FNDA:0,(anonymous_1)
FNDA:0,(anonymous_2)
FNDA:0,(anonymous_3)
FNDA:0,(anonymous_4)
DA:6,5
DA:14,0
DA:15,0
DA:16,0
DA:19,5
DA:22,5
DA:23,0
DA:24,0
DA:26,0
DA:28,0
DA:31,0
DA:32,0
DA:35,0
DA:36,0
DA:37,0
DA:38,0
DA:42,0
DA:43,0
DA:44,0
DA:45,0
DA:46,0
DA:50,0
DA:51,0
DA:52,0
DA:53,0
DA:54,0
DA:55,0
DA:56,0
DA:60,0
DA:63,0
DA:75,0
DA:78,0
DA:79,0
DA:80,0
DA:81,0
DA:84,0
DA:86,0
DA:88,0
DA:89,0
DA:91,0
LF:40
LH:3
BRDA:15,0,0,0
BRDA:15,0,1,0
BRDA:32,1,0,0
BRDA:32,1,1,0
BRDA:37,2,0,0
BRDA:37,2,1,0
BRDA:46,3,0,0
BRDA:46,3,1,0
BRDA:60,4,0,0
BRDA:60,4,1,0
BRDA:78,5,0,0
BRDA:78,5,1,0
BRF:12
BRH:0
end_of_record
TN:
SF:src/modules/restaurant/restaurant.controller.js
FN:6,createRestaurant
FN:26,getAllRestaurants
FN:35,getRestaurantById
FN:48,getBranchesByRestaurantId
FN:63,updateRestaurant
FNF:5
FNH:5
FNDA:3,createRestaurant
FNDA:1,getAllRestaurants
FNDA:2,getRestaurantById
FNDA:2,getBranchesByRestaurantId
FNDA:3,updateRestaurant
DA:7,3
DA:8,3
DA:11,3
DA:12,3
DA:13,1
DA:15,2
DA:16,1
DA:19,1
DA:20,1
DA:22,2
DA:27,1
DA:28,1
DA:29,1
DA:31,0
DA:36,2
DA:37,2
DA:38,2
DA:40,2
DA:42,1
DA:44,1
DA:49,2
DA:50,2
DA:53,2
DA:54,2
DA:56,1
DA:57,1
DA:59,1
DA:64,3
DA:65,3
DA:66,3
DA:67,3
DA:69,2
DA:70,2
DA:72,1
DA:74,2
LF:35
LH:34
BRDA:12,0,0,1
BRDA:12,0,1,2
BRDA:15,1,0,1
BRDA:15,1,1,1
BRDA:40,2,0,1
BRDA:40,2,1,1
BRDA:54,3,0,1
BRDA:54,3,1,1
BRDA:67,4,0,1
BRDA:67,4,1,2
BRDA:70,5,0,1
BRDA:70,5,1,1
BRF:12
BRH:12
end_of_record
TN:
SF:src/modules/restaurant/restaurant.repository.js
FN:3,createRestaurant
FN:14,getRestaurantById
FN:23,getAllRestaurants
FN:32,getBranchesByRestaurantId
FN:43,updateRestaurant
FNF:5
FNH:0
FNDA:0,createRestaurant
FNDA:0,getRestaurantById
FNDA:0,getAllRestaurants
FNDA:0,getBranchesByRestaurantId
FNDA:0,updateRestaurant
DA:4,0
DA:9,0
DA:10,0
DA:11,0
DA:15,0
DA:19,0
DA:24,0
DA:29,0
DA:33,0
DA:40,0
DA:44,0
DA:45,0
DA:46,0
DA:48,0
DA:49,0
DA:50,0
DA:51,0
DA:52,0
DA:56,0
DA:58,0
DA:59,0
DA:63,0
LF:22
LH:0
BRDA:9,0,0,0
BRDA:9,0,1,0
BRDA:49,1,0,0
BRDA:49,1,1,0
BRDA:56,2,0,0
BRDA:56,2,1,0
BRF:6
BRH:0
end_of_record
TN:
SF:src/modules/restaurant/restaurant.routes.js
FNF:0
FNH:0
DA:5,6
DA:7,6
DA:8,6
DA:9,6
DA:10,6
DA:11,6
LF:6
LH:6
BRF:0
BRH:0
end_of_record
TN:
SF:src/modules/restaurant/restaurant.schema.js
FN:17,(anonymous_0)
FNF:1
FNH:0
FNDA:0,(anonymous_0)
DA:3,6
DA:9,6
DA:14,6
DA:17,0
DA:21,6
LF:5
LH:4
BRF:0
BRH:0
end_of_record
TN:
SF:src/modules/user/user.controller.js
FN:11,getUsers
FN:14,(anonymous_1)
FN:21,getUser
FN:36,editUser
FN:48,deactivateUser
FN:57,reactivateUser
FNF:6
FNH:6
FNDA:2,getUsers
FNDA:2,(anonymous_1)
FNDA:2,getUser
FNDA:3,editUser
FNDA:1,deactivateUser
FNDA:1,reactivateUser
DA:12,2
DA:13,2
DA:14,2
DA:15,1
DA:17,1
DA:22,2
DA:23,2
DA:24,2
DA:26,2
DA:28,1
DA:30,1
DA:32,0
DA:37,3
DA:38,3
DA:39,3
DA:40,2
DA:41,2
DA:42,1
DA:44,2
DA:49,1
DA:50,1
DA:51,1
DA:53,0
DA:58,1
DA:59,1
DA:60,1
DA:62,0
LF:27
LH:24
BRDA:26,0,0,1
BRDA:26,0,1,1
BRDA:39,1,0,1
BRDA:39,1,1,2
BRDA:41,2,0,1
BRDA:41,2,1,1
BRF:6
BRH:6
end_of_record
TN:
SF:src/modules/user/user.repository.js
FN:7,getAllUsers
FN:17,getUserById
FN:30,getUserByEmail
FN:39,updateUser
FN:41,(anonymous_4)
FN:55,setUserActive
FNF:6
FNH:0
FNDA:0,getAllUsers
FNDA:0,getUserById
FNDA:0,getUserByEmail
FNDA:0,updateUser
FNDA:0,(anonymous_4)
FNDA:0,setUserActive
DA:8,0
DA:9,0
DA:18,0
DA:22,0
DA:31,0
DA:36,0
DA:40,0
DA:41,0
DA:43,0
DA:45,0
DA:51,0
DA:52,0
DA:56,0
DA:60,0
LF:14
LH:0
BRDA:22,0,0,0
BRDA:22,0,1,0
BRDA:36,1,0,0
BRDA:36,1,1,0
BRF:4
BRH:0
end_of_record
TN:
SF:src/modules/user/user.routes.js
FNF:0
FNH:0
DA:7,6
DA:9,6
DA:10,6
DA:11,6
DA:12,6
DA:13,6
LF:6
LH:6
BRF:0
BRH:0
end_of_record
TN:
SF:src/modules/user/user.schema.js
FN:17,(anonymous_0)
FN:20,(anonymous_1)
FN:68,(anonymous_2)
FNF:3
FNH:3
FNDA:6,(anonymous_0)
FNDA:6,(anonymous_1)
FNDA:7,(anonymous_2)
DA:3,6
DA:10,6
DA:17,6
DA:20,6
DA:24,6
DA:25,6
DA:26,6
DA:30,6
DA:39,6
DA:47,6
DA:67,6
DA:68,7
DA:71,6
LF:13
LH:13
BRF:0
BRH:0
end_of_record
TN:
SF:src/utils/errors.js
FN:2,(anonymous_0)
FN:11,(anonymous_1)
FN:17,(anonymous_2)
FN:23,(anonymous_3)
FN:30,(anonymous_4)
FNF:5
FNH:5
FNDA:25,(anonymous_0)
FNDA:4,(anonymous_1)
FNDA:9,(anonymous_2)
FNDA:3,(anonymous_3)
FNDA:1,(anonymous_4)
DA:3,25
DA:4,25
DA:5,25
DA:6,25
DA:12,4
DA:18,9
DA:24,3
DA:25,3
DA:31,1
LF:9
LH:9
BRDA:2,0,0,0
BRDA:2,1,0,1
BRDA:11,2,0,0
BRDA:11,3,0,4
BRDA:17,4,0,0
BRDA:30,5,0,0
BRF:6
BRH:2
end_of_record
TN:
SF:src/utils/jwt.js
FN:2,base64UrlEncode
FN:11,base64UrlDecode
FN:21,signJwt
FN:40,verifyJwt
FN:60,createTokens
FNF:5
FNH:5
FNDA:12,base64UrlEncode
FNDA:37,base64UrlDecode
FNDA:6,signJwt
FNDA:37,verifyJwt
FNDA:6,createTokens
DA:3,12
DA:12,37
DA:13,37
DA:14,37
DA:19,6
DA:22,6
DA:23,6
DA:24,6
DA:26,6
DA:27,6
DA:29,6
DA:37,6
DA:41,37
DA:42,37
DA:44,37
DA:52,37
DA:54,37
DA:55,37
DA:57,37
DA:61,6
DA:62,6
DA:64,6
LF:22
LH:22
BRDA:19,0,0,6
BRDA:19,0,1,0
BRDA:21,1,0,0
BRDA:42,2,0,0
BRDA:42,2,1,37
BRDA:42,3,0,37
BRDA:42,3,1,37
BRDA:42,3,2,37
BRDA:52,4,0,0
BRDA:52,4,1,37
BRDA:55,5,0,0
BRDA:55,5,1,37
BRDA:55,6,0,37
BRDA:55,6,1,37
BRF:14
BRH:9
end_of_record
